[    0.000000] Linux version 4.15.0-212-generic (buildd@lcy02-amd64-083) (gcc version 7.5.0 (Ubuntu 7.5.0-3ubuntu1~18.04)) #223-Ubuntu SMP Tue May 23 13:09:22 UTC 2023 (Ubuntu 4.15.0-212.223-generic 4.15.18)
[    0.000000] Command line: BOOT_IMAGE=/boot/vmlinuz-4.15.0-212-generic root=LABEL=cloudimg-rootfs ro console=tty1 console=ttyS0
[    0.000000] KERNEL supported cpus:
[    0.000000]   Intel GenuineIntel
[    0.000000]   AMD AuthenticAMD
[    0.000000]   Centaur CentaurHauls
[    0.000000] x86/fpu: x87 FPU will use FXSAVE
[    0.000000] e820: BIOS-provided physical RAM map:
[    0.000000] BIOS-e820: [mem 0x0000000000000000-0x000000000009fbff] usable
[    0.000000] BIOS-e820: [mem 0x000000000009fc00-0x000000000009ffff] reserved
[    0.000000] BIOS-e820: [mem 0x00000000000f0000-0x00000000000fffff] reserved
[    0.000000] BIOS-e820: [mem 0x0000000000100000-0x000000003ffeffff] usable
[    0.000000] BIOS-e820: [mem 0x000000003fff0000-0x000000003fffffff] ACPI data
[    0.000000] BIOS-e820: [mem 0x00000000fec00000-0x00000000fec00fff] reserved
[    0.000000] BIOS-e820: [mem 0x00000000fee00000-0x00000000fee00fff] reserved
[    0.000000] BIOS-e820: [mem 0x00000000fffc0000-0x00000000ffffffff] reserved
[    0.000000] NX (Execute Disable) protection: active
[    0.000000] SMBIOS 2.5 present.
[    0.000000] DMI: innotek GmbH VirtualBox/VirtualBox, BIOS VirtualBox 12/01/2006
[    0.000000] Hypervisor detected: KVM
[    0.000000] e820: last_pfn = 0x3fff0 max_arch_pfn = 0x400000000
[    0.000000] MTRR: Disabled
[    0.000000] x86/PAT: MTRRs disabled, skipping PAT initialization too.
[    0.000000] CPU MTRRs all blank - virtualized system.
[    0.000000] x86/PAT: Configuration [0-7]: WB  WT  UC- UC  WB  WT  UC- UC  
[    0.000000] found SMP MP-table at [mem 0x0009fff0-0x0009ffff]
[    0.000000] Scanning 1 areas for low memory corruption
[    0.000000] RAMDISK: [mem 0x359cb000-0x36cdcfff]
[    0.000000] ACPI: Early table checksum verification disabled
[    0.000000] ACPI: RSDP 0x00000000000E0000 000024 (v02 VBOX  )
[    0.000000] ACPI: XSDT 0x000000003FFF0030 00003C (v01 VBOX   VBOXXSDT 00000001 ASL  00000061)
[    0.000000] ACPI: FACP 0x000000003FFF00F0 0000F4 (v04 VBOX   VBOXFACP 00000001 ASL  00000061)
[    0.000000] ACPI: DSDT 0x000000003FFF0610 002353 (v02 VBOX   VBOXBIOS 00000002 INTL 20100528)
[    0.000000] ACPI: FACS 0x000000003FFF0200 000040
[    0.000000] ACPI: FACS 0x000000003FFF0200 000040
[    0.000000] ACPI: APIC 0x000000003FFF0240 00005C (v02 VBOX   VBOXAPIC 00000001 ASL  00000061)
[    0.000000] ACPI: SSDT 0x000000003FFF02A0 00036C (v01 VBOX   VBOXCPUT 00000002 INTL 20100528)
[    0.000000] ACPI: Reserving FACP table memory at [mem 0x3fff00f0-0x3fff01e3]
[    0.000000] ACPI: Reserving DSDT table memory at [mem 0x3fff0610-0x3fff2962]
[    0.000000] ACPI: Reserving FACS table memory at [mem 0x3fff0200-0x3fff023f]
[    0.000000] ACPI: Reserving FACS table memory at [mem 0x3fff0200-0x3fff023f]
[    0.000000] ACPI: Reserving APIC table memory at [mem 0x3fff0240-0x3fff029b]
[    0.000000] ACPI: Reserving SSDT table memory at [mem 0x3fff02a0-0x3fff060b]
[    0.000000] No NUMA configuration found
[    0.000000] Faking a node at [mem 0x0000000000000000-0x000000003ffeffff]
[    0.000000] NODE_DATA(0) allocated [mem 0x3ffc5000-0x3ffeffff]
[    0.000000] kvm-clock: cpu 0, msr 0:3ff44001, primary cpu clock
[    0.000000] kvm-clock: Using msrs 4b564d01 and 4b564d00
[    0.000000] kvm-clock: using sched offset of 3486613402 cycles
[    0.000000] clocksource: kvm-clock: mask: 0xffffffffffffffff max_cycles: 0x1cd42e4dffb, max_idle_ns: 881590591483 ns
[    0.000000] Zone ranges:
[    0.000000]   DMA      [mem 0x0000000000001000-0x0000000000ffffff]
[    0.000000]   DMA32    [mem 0x0000000001000000-0x000000003ffeffff]
[    0.000000]   Normal   empty
[    0.000000]   Device   empty
[    0.000000] Movable zone start for each node
[    0.000000] Early memory node ranges
[    0.000000]   node   0: [mem 0x0000000000001000-0x000000000009efff]
[    0.000000]   node   0: [mem 0x0000000000100000-0x000000003ffeffff]
[    0.000000] Reserved but unavailable: 104 pages
[    0.000000] Initmem setup node 0 [mem 0x0000000000001000-0x000000003ffeffff]
[    0.000000] ACPI: PM-Timer IO Port: 0x4008
[    0.000000] IOAPIC[0]: apic_id 2, version 32, address 0xfec00000, GSI 0-23
[    0.000000] ACPI: INT_SRC_OVR (bus 0 bus_irq 0 global_irq 2 dfl dfl)
[    0.000000] ACPI: INT_SRC_OVR (bus 0 bus_irq 9 global_irq 9 low level)
[    0.000000] Using ACPI (MADT) for SMP configuration information
[    0.000000] smpboot: Allowing 2 CPUs, 0 hotplug CPUs
[    0.000000] PM: Registered nosave memory: [mem 0x00000000-0x00000fff]
[    0.000000] PM: Registered nosave memory: [mem 0x0009f000-0x0009ffff]
[    0.000000] PM: Registered nosave memory: [mem 0x000a0000-0x000effff]
[    0.000000] PM: Registered nosave memory: [mem 0x000f0000-0x000fffff]
[    0.000000] e820: [mem 0x40000000-0xfebfffff] available for PCI devices
[    0.000000] Booting paravirtualized kernel on KVM
[    0.000000] clocksource: refined-jiffies: mask: 0xffffffff max_cycles: 0xffffffff, max_idle_ns: 7645519600211568 ns
[    0.000000] setup_percpu: NR_CPUS:8192 nr_cpumask_bits:2 nr_cpu_ids:2 nr_node_ids:1
[    0.000000] percpu: Embedded 50 pages/cpu s167936 r8192 d28672 u1048576
[    0.000000] PV qspinlock hash table entries: 256 (order: 0, 4096 bytes)
[    0.000000] Built 1 zonelists, mobility grouping on.  Total pages: 257913
[    0.000000] Policy zone: DMA32
[    0.000000] Kernel command line: BOOT_IMAGE=/boot/vmlinuz-4.15.0-212-generic root=LABEL=cloudimg-rootfs ro console=tty1 console=ttyS0
[    0.000000] Memory: 982644K/1048120K available (12300K kernel code, 2477K rwdata, 4324K rodata, 2480K init, 2720K bss, 65476K reserved, 0K cma-reserved)
[    0.000000] SLUB: HWalign=64, Order=0-3, MinObjects=0, CPUs=2, Nodes=1
[    0.000000] ftrace: allocating 39508 entries in 155 pages
[    0.004000] Hierarchical RCU implementation.
[    0.004000] 	RCU restricting CPUs from NR_CPUS=8192 to nr_cpu_ids=2.
[    0.004000] 	Tasks RCU enabled.
[    0.004000] RCU: Adjusting geometry for rcu_fanout_leaf=16, nr_cpu_ids=2
[    0.004000] NR_IRQS: 524544, nr_irqs: 440, preallocated irqs: 16
[    0.004000] random: crng init done
[    0.004000] Console: colour VGA+ 80x25
[    0.004000] console [tty1] enabled
[    0.004000] console [ttyS0] enabled
[    0.004000] ACPI: Core revision 20170831
[    0.004000] ACPI: 2 ACPI AML tables successfully acquired and loaded
[    0.004000] APIC: Switch to symmetric I/O mode setup
[    0.004000] ..TIMER: vector=0x30 apic1=0 pin1=2 apic2=-1 pin2=-1
[    0.004000] tsc: Detected 2687.998 MHz processor
[    0.004000] Calibrating delay loop (skipped) preset value.. 5375.99 BogoMIPS (lpj=10751992)
[    0.004000] pid_max: default: 32768 minimum: 301
[    0.004000] Security Framework initialized
[    0.004000] Yama: becoming mindful.
[    0.004000] AppArmor: AppArmor initialized
[    0.004000] Dentry cache hash table entries: 131072 (order: 8, 1048576 bytes)
[    0.008813] Inode-cache hash table entries: 65536 (order: 7, 524288 bytes)
[    0.012057] Mount-cache hash table entries: 2048 (order: 2, 16384 bytes)
[    0.016063] Mountpoint-cache hash table entries: 2048 (order: 2, 16384 bytes)
[    0.021718] Last level iTLB entries: 4KB 0, 2MB 0, 4MB 0
[    0.024003] Last level dTLB entries: 4KB 0, 2MB 0, 4MB 0, 1GB 0
[    0.028007] Spectre V1 : Mitigation: usercopy/swapgs barriers and __user pointer sanitization
[    0.032004] Spectre V2 : Mitigation: Enhanced IBRS
[    0.034814] Spectre V2 : Spectre v2 / SpectreRSB mitigation: Filling RSB on context switch
[    0.036002] Spectre V2 : Spectre v2 / PBRSB-eIBRS: Retire a single CALL on VMEXIT
[    0.040002] RETBleed: Mitigation: Enhanced IBRS
[    0.044002] Speculative Store Bypass: Vulnerable
[    0.048155] Freeing SMP alternatives memory: 36K
[    0.176146] APIC calibration not consistent with PM-Timer: 104ms instead of 100ms
[    0.180000] APIC delta adjusted to PM-Timer: 6348637 (6652968)
[    0.180254] smpboot: CPU0: 11th Gen Intel(R) Core(TM) i5-11400H @ 2.70GHz (family: 0x6, model: 0x8d, stepping: 0x1)
[    0.184347] Performance Events: unsupported p6 CPU model 141 no PMU driver, software events only.
[    0.188083] Hierarchical SRCU implementation.
[    0.192634] NMI watchdog: Perf event create on CPU 0 failed with -2
[    0.196002] NMI watchdog: Perf NMI watchdog permanently disabled
[    0.200242] smp: Bringing up secondary CPUs ...
[    0.204610] x86: Booting SMP configuration:
[    0.208002] .... node  #0, CPUs:      #1
[    0.004000] kvm-clock: cpu 1, msr 0:3ff44041, secondary cpu clock
[    0.216000] TSC synchronization [CPU#0 -> CPU#1]:
[    0.216000] Measured 70921 cycles TSC warp between CPUs, turning off TSC clock.
[    0.216000] tsc: Marking TSC unstable due to check_tsc_sync_source failed
[    0.220222] smp: Brought up 1 node, 2 CPUs
[    0.222843] smpboot: Max logical packages: 1
[    0.224006] smpboot: Total of 2 processors activated (10751.99 BogoMIPS)
[    0.228420] devtmpfs: initialized
[    0.230150] x86/mm: Memory block size: 128MB
[    0.232340] evm: security.selinux
[    0.236004] evm: security.SMACK64
[    0.238094] evm: security.SMACK64EXEC
[    0.240004] evm: security.SMACK64TRANSMUTE
[    0.242875] evm: security.SMACK64MMAP
[    0.244004] evm: security.apparmor
[    0.246127] evm: security.ima
[    0.247930] evm: security.capability
[    0.248301] clocksource: jiffies: mask: 0xffffffff max_cycles: 0xffffffff, max_idle_ns: 7645041785100000 ns
[    0.252079] futex hash table entries: 512 (order: 3, 32768 bytes)
[    0.256172] pinctrl core: initialized pinctrl subsystem
[    0.260431] RTC time: 19:06:04, date: 09/05/23
[    0.264896] NET: Registered protocol family 16
[    0.268092] audit: initializing netlink subsys (disabled)
[    0.271201] audit: type=2000 audit(1693940768.923:1): state=initialized audit_enabled=0 res=1
[    0.280007] cpuidle: using governor ladder
[    0.284019] cpuidle: using governor menu
[    0.288013] ACPI: bus type PCI registered
[    0.290379] acpiphp: ACPI Hot Plug PCI Controller Driver version: 0.5
[    0.292431] PCI: Using configuration type 1 for base access
[    0.300623] HugeTLB registered 2.00 MiB page size, pre-allocated 0 pages
[    0.304383] ACPI: Added _OSI(Module Device)
[    0.308082] ACPI: Added _OSI(Processor Device)
[    0.310787] ACPI: Added _OSI(3.0 _SCP Extensions)
[    0.312007] ACPI: Added _OSI(Processor Aggregator Device)
[    0.316007] ACPI: Added _OSI(Linux-Dell-Video)
[    0.319534] ACPI: Added _OSI(Linux-Lenovo-NV-HDMI-Audio)
[    0.320009] ACPI: Added _OSI(Linux-HPI-Hybrid-Graphics)
[    0.324696] ACPI: Executed 1 blocks of module-level executable AML code
[    0.334957] ACPI: Interpreter enabled
[    0.336017] ACPI: (supports S0 S5)
[    0.338412] ACPI: Using IOAPIC for interrupt routing
[    0.340316] PCI: Using host bridge windows from ACPI; if necessary, use "pci=nocrs" and report a bug
[    0.344209] ACPI: Enabled 2 GPEs in block 00 to 07
[    0.356000] ACPI: PCI Root Bridge [PCI0] (domain 0000 [bus 00-ff])
[    0.356010] acpi PNP0A03:00: _OSC: OS supports [ASPM ClockPM Segments MSI]
[    0.360548] acpi PNP0A03:00: _OSC: not requesting OS control; OS requires [ExtendedConfig ASPM ClockPM MSI]
[    0.364012] acpi PNP0A03:00: fail to add MMCONFIG information, can't access extended PCI configuration space under this bridge.
[    0.368544] PCI host bridge to bus 0000:00
[    0.372004] pci_bus 0000:00: root bus resource [io  0x0000-0x0cf7 window]
[    0.376004] pci_bus 0000:00: root bus resource [io  0x0d00-0xffff window]
[    0.380003] pci_bus 0000:00: root bus resource [mem 0x000a0000-0x000bffff window]
[    0.384004] pci_bus 0000:00: root bus resource [mem 0x40000000-0xfdffffff window]
[    0.388004] pci_bus 0000:00: root bus resource [bus 00-ff]
[    0.396076] pci 0000:00:01.1: legacy IDE quirk: reg 0x10: [io  0x01f0-0x01f7]
[    0.400002] pci 0000:00:01.1: legacy IDE quirk: reg 0x14: [io  0x03f6]
[    0.404002] pci 0000:00:01.1: legacy IDE quirk: reg 0x18: [io  0x0170-0x0177]
[    0.408005] pci 0000:00:01.1: legacy IDE quirk: reg 0x1c: [io  0x0376]
[    0.429243] pci 0000:00:07.0: quirk: [io  0x4000-0x403f] claimed by PIIX4 ACPI
[    0.432028] pci 0000:00:07.0: quirk: [io  0x4100-0x410f] claimed by PIIX4 SMB
[    0.444018] ACPI: PCI Interrupt Link [LNKA] (IRQs 5 9 10 *11)
[    0.448025] ACPI: PCI Interrupt Link [LNKB] (IRQs 5 9 *10 11)
[    0.451513] ACPI: PCI Interrupt Link [LNKC] (IRQs 5 *9 10 11)
[    0.452147] ACPI: PCI Interrupt Link [LNKD] (IRQs 5 9 10 *11)
[    0.456602] SCSI subsystem initialized
[    0.460168] pci 0000:00:02.0: vgaarb: setting as boot VGA device
[    0.463831] pci 0000:00:02.0: vgaarb: VGA device added: decodes=io+mem,owns=io+mem,locks=none
[    0.464005] pci 0000:00:02.0: vgaarb: bridge control possible
[    0.472019] vgaarb: loaded
[    0.473792] ACPI: bus type USB registered
[    0.476021] usbcore: registered new interface driver usbfs
[    0.480034] usbcore: registered new interface driver hub
[    0.484012] usbcore: registered new device driver usb
[    0.488135] EDAC MC: Ver: 3.0.0
[    0.492303] PCI: Using ACPI for IRQ routing
[    0.496498] NetLabel: Initializing
[    0.498508] NetLabel:  domain hash size = 128
[    0.500005] NetLabel:  protocols = UNLABELED CIPSOv4 CALIPSO
[    0.504016] NetLabel:  unlabeled traffic allowed by default
[    0.508240] clocksource: Switched to clocksource kvm-clock
[    0.516719] VFS: Disk quotas dquot_6.6.0
[    0.516719] VFS: Dquot-cache hash table entries: 512 (order 0, 4096 bytes)
[    0.516719] AppArmor: AppArmor Filesystem Enabled
[    0.516719] pnp: PnP ACPI init
[    0.516719] pnp: PnP ACPI: found 3 devices
[    0.597134] clocksource: acpi_pm: mask: 0xffffff max_cycles: 0xffffff, max_idle_ns: 2085701024 ns
[    0.600179] NET: Registered protocol family 2
[    0.600179] IP idents hash table entries: 16384 (order: 5, 131072 bytes)
[    0.612881] TCP established hash table entries: 8192 (order: 4, 65536 bytes)
[    0.617387] TCP bind hash table entries: 8192 (order: 5, 131072 bytes)
[    0.621912] TCP: Hash tables configured (established 8192 bind 8192)
[    0.625497] UDP hash table entries: 512 (order: 2, 16384 bytes)
[    0.625497] UDP-Lite hash table entries: 512 (order: 2, 16384 bytes)
[    0.625497] NET: Registered protocol family 1
[    0.625497] pci 0000:00:00.0: Limiting direct PCI/PCI transfers
[    0.625497] pci 0000:00:01.0: Activating ISA DMA hang workarounds
[    0.625497] pci 0000:00:02.0: Video device with shadowed ROM at [mem 0x000c0000-0x000dffff]
[    0.625497] Unpacking initramfs...
[    1.012255] Freeing initrd memory: 19528K
[    1.032914] clocksource: tsc: mask: 0xffffffffffffffff max_cycles: 0x26bef4a354e, max_idle_ns: 440795213564 ns
[    1.044390] platform rtc_cmos: registered platform RTC device (no PNP device found)
[    1.050556] Scanning for low memory corruption every 60 seconds
[    1.056556] Initialise system trusted keyrings
[    1.059912] Key type blacklist registered
[    1.063171] workingset: timestamp_bits=36 max_order=18 bucket_order=0
[    1.069140] zbud: loaded
[    1.072218] squashfs: version 4.0 (2009/01/31) Phillip Lougher
[    1.077272] fuse init (API version 7.26)
[    1.092466] Key type asymmetric registered
[    1.095333] Asymmetric key parser 'x509' registered
[    1.098831] Block layer SCSI generic (bsg) driver version 0.4 loaded (major 246)
[    1.103924] io scheduler noop registered
[    1.107072] io scheduler deadline registered
[    1.110260] io scheduler cfq registered (default)
[    1.114262] ACPI: AC Adapter [AC] (on-line)
[    1.117247] input: Power Button as /devices/LNXSYSTM:00/LNXPWRBN:00/input/input0
[    1.122150] ACPI: Power Button [PWRF]
[    1.124894] input: Sleep Button as /devices/LNXSYSTM:00/LNXSLPBN:00/input/input1
[    1.130484] ACPI: Sleep Button [SLPF]
[    1.134928] ACPI: Battery Slot [BAT0] (battery present)
[    1.138802] Serial: 8250/16550 driver, 32 ports, IRQ sharing enabled
[    1.171205] 00:02: ttyS0 at I/O 0x3f8 (irq = 4, base_baud = 115200) is a 16550A
[    1.191793] Linux agpgart interface v0.103
[    1.202968] loop: module loaded
[    1.207571] scsi host0: ata_piix
[    1.210645] scsi host1: ata_piix
[    1.213026] ata1: PATA max UDMA/33 cmd 0x1f0 ctl 0x3f6 bmdma 0xd000 irq 14
[    1.217450] ata2: PATA max UDMA/33 cmd 0x170 ctl 0x376 bmdma 0xd008 irq 15
[    1.222518] tun: Universal TUN/TAP device driver, 1.6
[    1.227944] PPP generic driver version 2.4.2
[    1.231329] ehci_hcd: USB 2.0 'Enhanced' Host Controller (EHCI) Driver
[    1.235603] ehci-pci: EHCI PCI platform driver
[    1.238999] ehci-platform: EHCI generic platform driver
[    1.242727] ohci_hcd: USB 1.1 'Open' Host Controller (OHCI) Driver
[    1.246738] ohci-pci: OHCI PCI platform driver
[    1.249967] ohci-platform: OHCI generic platform driver
[    1.253458] uhci_hcd: USB Universal Host Controller Interface driver
[    1.257776] i8042: PNP: PS/2 Controller [PNP0303:PS2K,PNP0f03:PS2M] at 0x60,0x64 irq 1,12
[    1.265655] serio: i8042 KBD port at 0x60,0x64 irq 1
[    1.269269] serio: i8042 AUX port at 0x60,0x64 irq 12
[    1.273626] mousedev: PS/2 mouse device common for all mice
[    1.278907] input: AT Translated Set 2 keyboard as /devices/platform/i8042/serio0/input/input2
[    1.285695] rtc_cmos rtc_cmos: rtc core: registered rtc_cmos as rtc0
[    1.289890] rtc_cmos rtc_cmos: alarms up to one day, 114 bytes nvram
[    1.293469] i2c /dev entries driver
[    1.293469] device-mapper: uevent: version 1.0.3
[    1.293469] device-mapper: ioctl: 4.37.0-ioctl (2017-09-20) initialised: dm-devel@redhat.com
[    1.303955] ledtrig-cpu: registered to indicate activity on CPUs
[    1.309961] NET: Registered protocol family 10
[    1.321238] Segment Routing with IPv6
[    1.323521] NET: Registered protocol family 17
[    1.326701] Key type dns_resolver registered
[    1.329964] mce: Using 0 MCE banks
[    1.332147] RAS: Correctable Errors collector initialized.
[    1.335535] sched_clock: Marking stable (1335468676, 0)->(1879946165, -544477489)
[    1.342187] registered taskstats version 1
[    1.345616] Loading compiled-in X.509 certificates
[    1.352890] Loaded X.509 cert 'Build time autogenerated kernel key: b5b26778eaa3ab3a4a6cee031137706e947d12ad'
[    1.359736] Loaded X.509 cert 'Canonical Ltd. Live Patch Signing: 14df34d1a87cf37625abec039ef2bf521249b969'
[    1.367604] Loaded X.509 cert 'Canonical Ltd. Kernel Module Signing: 88f752e560a1e0737e31163a466ad7b70a850c19'
[    1.375788] blacklist: Loading compiled-in revocation X.509 certificates
[    1.380767] Loaded X.509 cert 'Canonical Ltd. Secure Boot Signing: 61482aa2830d0ab2ad5af10b7250da9033ddcef0'
[    1.387299] Loaded X.509 cert 'Canonical Ltd. Secure Boot Signing (2017): 242ade75ac4a15e50d50c84b0d45ff3eae707a03'
[    1.394835] Loaded X.509 cert 'Canonical Ltd. Secure Boot Signing (ESM 2018): 365188c1d374d6b07c3c8f240f8ef722433d6a8b'
[    1.402549] Loaded X.509 cert 'Canonical Ltd. Secure Boot Signing (2019): c0746fd6c5da3ae827864651ad66ae47fe24b3e8'
[    1.410034] Loaded X.509 cert 'Canonical Ltd. Secure Boot Signing (2021 v1): a8d54bbb3825cfb94fa13c9f8a594a195c107b8d'
[    1.436619] Loaded X.509 cert 'Canonical Ltd. Secure Boot Signing (2021 v2): 4cf046892d6fd3c9a5b03f98d845f90851dc6a8c'
[    1.444302] Loaded X.509 cert 'Canonical Ltd. Secure Boot Signing (2021 v3): 100437bb6de6e469b581e61cd66bce3ef4ed53af'
[    1.451511] Loaded X.509 cert 'Canonical Ltd. Secure Boot Signing (Ubuntu Core 2019): c1d57b8f6b743f23ee41f4f7ee292f06eecadfb9'
[    1.458814] zswap: loaded using pool lzo/zbud
[    1.470407] Key type big_key registered
[    1.473086] Key type trusted registered
[    1.478747] Key type encrypted registered
[    1.481468] AppArmor: AppArmor sha1 policy hashing enabled
[    1.485024] ima: No TPM chip found, activating TPM-bypass! (rc=-19)
[    1.489269] ima: Allocated hash algorithm: sha1
[    1.492341] evm: HMAC attrs: 0x1
[    1.494918]   Magic number: 7:474:141
[    1.498165] rtc_cmos rtc_cmos: setting system clock to 2023-09-05 19:06:05 UTC (1693940765)
[    1.503735] BIOS EDD facility v0.16 2004-Jun-25, 0 devices found
[    1.507662] EDD information not available.
[    1.512806] Freeing unused kernel image memory: 2480K
[    1.536932] Write protecting the kernel read-only data: 20480k
[    1.542735] Freeing unused kernel image memory: 2008K
[    1.547104] Freeing unused kernel image memory: 1820K
[    1.553910] x86/mm: Checked W+X mappings: passed, no W+X pages found.
Loading, please wait...
starting version 237
[    1.619577] e1000: Intel(R) PRO/1000 Network Driver - version 7.3.21-k8-NAPI
[    1.624564] e1000: Copyright (c) 1999-2006 Intel Corporation.
[    1.634020] Fusion MPT base driver 3.04.20
[    1.637487] Copyright (c) 1999-2008 LSI Corporation
[    1.663734] Fusion MPT SPI Host driver 3.04.20
[    1.669777] SSE version of gcm_enc/dec engaged.
[    1.887147] input: ImExPS/2 Generic Explorer Mouse as /devices/platform/i8042/serio1/input/input4
[    2.222112] e1000 0000:00:03.0 eth0: (PCI:33MHz:32-bit) 02:3b:7b:b7:3b:2d
[    2.225973] e1000 0000:00:03.0 eth0: Intel(R) PRO/1000 Network Connection
[    2.232996] e1000 0000:00:03.0 enp0s3: renamed from eth0
[    2.237173] mptbase: ioc0: Initiating bringup
[    2.861376] ioc0: LSI53C1030 A0: Capabilities={Initiator}
[    4.250917] scsi host2: ioc0: LSI53C1030 A0, FwRev=00000000h, Ports=1, MaxQ=256, IRQ=20
[    5.138482] scsi 2:0:0:0: Direct-Access     VBOX     HARDDISK         1.0  PQ: 0 ANSI: 5
[    5.180783] scsi target2:0:0: Beginning Domain Validation
[    5.195824] scsi target2:0:0: Domain Validation skipping write tests
[    5.200051] scsi target2:0:0: Ending Domain Validation
[    5.203547] scsi target2:0:0: asynchronous
[    5.208750] scsi 2:0:1:0: Direct-Access     VBOX     HARDDISK         1.0  PQ: 0 ANSI: 5
[    5.244171] scsi target2:0:1: Beginning Domain Validation
[    5.258584] scsi target2:0:1: Domain Validation skipping write tests
[    5.263428] scsi target2:0:1: Ending Domain Validation
[    5.268684] scsi target2:0:1: asynchronous
[    5.280967] sd 2:0:0:0: Attached scsi generic sg0 type 0
[    5.281682] sd 2:0:0:0: [sda] 83886080 512-byte logical blocks: (42.9 GB/40.0 GiB)
[    5.285409] sd 2:0:1:0: Attached scsi generic sg1 type 0
[    5.290663] sd 2:0:0:0: [sda] Write Protect is off
[    5.298105] sd 2:0:1:0: [sdb] 20480 512-byte logical blocks: (10.5 MB/10.0 MiB)
[    5.298087] sd 2:0:0:0: [sda] Incomplete mode parameter data
[    5.307360] sd 2:0:0:0: [sda] Assuming drive cache: write through
[    5.307463] sd 2:0:1:0: [sdb] Write Protect is off
[    5.316147] sd 2:0:1:0: [sdb] Incomplete mode parameter data
[    5.320590] sd 2:0:1:0: [sdb] Assuming drive cache: write through
[    5.326437]  sda: sda1
[    5.330719] sd 2:0:0:0: [sda] Attached SCSI disk
[    5.335975] sd 2:0:1:0: [sdb] Attached SCSI disk
Begin: Loading essential drivers ... [    7.252248] raid6: sse2x1   gen() 14641 MB/s
[    7.300128] raid6: sse2x1   xor()  8605 MB/s
[    7.353292] raid6: sse2x2   gen() 22205 MB/s
[    7.404793] raid6: sse2x2   xor() 14535 MB/s
[    7.452168] raid6: sse2x4   gen() 22289 MB/s
[    7.500171] raid6: sse2x4   xor() 14006 MB/s
[    7.504000] raid6: using algorithm sse2x4 gen() 22289 MB/s
[    7.507607] raid6: .... xor() 14006 MB/s, rmw enabled
[    7.510809] raid6: using ssse3x2 recovery algorithm
[    7.515184] xor: measuring software checksum speed
[    7.556053]    prefetch64-sse: 21963.000 MB/sec
[    7.596057]    generic_sse: 24434.000 MB/sec
[    7.599727] xor: using function: generic_sse (24434.000 MB/sec)
[    7.604634] async_tx: api initialized (async)
done.
Begin: Running /scripts/init-premount ... done.
Begin: Mounting root file system ... Begin: Running /scripts/local-top ... done.
Begin: Running /scripts/local-premount ... [    7.656419] Btrfs loaded, crc32c=crc32c-intel
Scanning for Btrfs filesystems
done.
Warning: fsck not present, so skipping root file system
[    7.694412] EXT4-fs (sda1): mounted filesystem with ordered data mode. Opts: (null)
done.
Begin: Running /scripts/local-bottom ... done.
Begin: Running /scripts/init-bottom ... done.
[    7.882053] ip_tables: (C) 2000-2006 Netfilter Core Team
[    7.899008] systemd[1]: systemd 237 running in system mode. (+PAM +AUDIT +SELINUX +IMA +APPARMOR +SMACK +SYSVINIT +UTMP +LIBCRYPTSETUP +GCRYPT +GNUTLS +ACL +XZ +LZ4 +SECCOMP +BLKID +ELFUTILS +KMOD -IDN2 +IDN -PCRE2 default-hierarchy=hybrid)
[    7.912173] systemd[1]: Detected virtualization oracle.
[    7.915265] systemd[1]: Detected architecture x86-64.

Welcome to [1mUbuntu 18.04.6 LTS[0m!

[    7.943978] systemd[1]: Set hostname to <ubuntu>.
[    7.950970] systemd[1]: Initializing machine ID from random generator.
[    7.955044] systemd[1]: Installed transient /etc/machine-id file.
[    8.227483] systemd[1]: Created slice User and Session Slice.
[[0;32m  OK  [0m] Created slice User and Session Slice.
[    8.234331] systemd[1]: Reached target Swap.
[[0;32m  OK  [0m] Reached target Swap.
[    8.239008] systemd[1]: Created slice System Slice.
[[0;32m  OK  [0m] Created slice System Slice.
[    8.243508] systemd[1]: Listening on fsck to fsckd communication Socket.
[[0;32m  OK  [0m] Listening on fsck to fsckd communication Socket.
[[0;32m  OK  [0m] Created slice system-serial\x2dgetty.slice.
[[0;32m  OK  [0m] Listening on Device-mapper event daemon FIFOs.
[[0;32m  OK  [0m] Listening on Syslog Socket.
[[0;32m  OK  [0m] Listening on Journal Audit Socket.
[[0;32m  OK  [0m] Reached target Slices.
[[0;32m  OK  [0m] Listening on udev Kernel Socket.
[[0;32m  OK  [0m] Listening on Journal Socket (/dev/log).
[[0;32m  OK  [0m] Listening on LVM2 poll daemon socket.
[[0;32m  OK  [0m] Set up automount Arbitrary Executab…rmats File System Automount Point.
[[0;32m  OK  [0m] Reached target System Time Synchronized.
[[0;32m  OK  [0m] Listening on Network Service Netlink Socket.
[[0;32m  OK  [0m] Listening on Journal Socket.
         Mounting POSIX Message Queue File System...
         Starting Journal Service...
         Starting Uncomplicated firewall...
         Starting File System Check on Root Device...
         Mounting Kernel Debug File System...
[[0;32m  OK  [0m] Started Forward Password Requests to Wall Directory Watch.
[[0;32m  OK  [0m] Listening on udev Control Socket.
         Starting udev Coldplug all Devices...
         Mounting Huge Pages File System...
[[0;32m  OK  [0m] Listening on LVM2 metadata daemon socket.
         Starting Monitoring of LVM2 mirrors…ng dmeventd or progress polling...
[[0;32m  OK  [0m] Reached target User and Group Name Lookups.
[[0;32m  OK  [0m] Listening on /dev/initctl Compatibility Named Pipe.
         Starting Create list of required st…ce nodes for the current kernel...
         Starting Set the console keyboard layout...
         Starting Load Kernel Modules...
[[0;32m  OK  [0m] Reached target Mounting snaps.
[[0;32m  OK  [0m] Reached target Mounted snaps.
[[0;32m  OK  [0m] Started Journal Service.
[[0;32m  OK  [0m] Mounted POSIX Message Queue File System.
[[0;32m  OK  [0m] Started Uncomplicated firewall.
[[0;32m  OK  [0m] Mounted Kernel Debug File System.
[[0;32m  OK  [0m] Mounted Huge Pages File System.
[[0;32m  OK  [0m] Started Create list of required sta…vice nodes for the current kernel.
[[0;32m  OK  [0m] Started File System Check Daemon to report status.
         Starting Create Static Device Nodes in /dev...
[[0;32m  OK  [0m] Started udev Coldplug all Devices.
[[0;32m  OK  [0m] Started File System Check on Root Device.
         Starting Remount Root and Kernel File Systems...
[    8.410414] Loading iSCSI transport class v2.0-870.
[[0;32m  OK  [0m] Started Create Static Device Nodes in /dev.
[[0;32m  OK  [0m] Started LVM2 metadata daemon.
[    8.480673] iscsi: registered transport (tcp)
[    8.501381] iscsi: registered transport (iser)
[[0;32m  OK  [0m] Started Load Kernel Modules.
         Mounting FUSE Control File System...
         Starting Apply Kernel Variables...
[    8.515322] EXT4-fs (sda1): re-mounted. Opts: (null)
         Mounting Kernel Configuration File System...
[[0;32m  OK  [0m] Started Remount Root and Kernel File Systems.
[[0;32m  OK  [0m] Mounted FUSE Control File System.
[[0;32m  OK  [0m] Mounted Kernel Configuration File System.
         Starting Flush Journal to Persistent Storage...
         Starting udev Kernel Device Manager...
         Starting Load/Save Random Seed...
[[0;32m  OK  [0m] Started Monitoring of LVM2 mirrors,…sing dmeventd or progress polling.
[[0;32m  OK  [0m] Started udev Kernel Device Manager.
[[0;32m  OK  [0m] Started Load/Save Random Seed.
[[0;32m  OK  [0m] Started Apply Kernel Variables.
[[0;32m  OK  [0m] Started Flush Journal to Persistent Storage.
[[0;32m  OK  [0m] Started Set the console keyboard layout.
[[0;32m  OK  [0m] Started Dispatch Password Requests to Console Directory Watch.
[[0;32m  OK  [0m] Reached target Local Encrypted Volumes.
[[0;32m  OK  [0m] Reached target Local File Systems (Pre).
[[0;32m  OK  [0m] Reached target Local File Systems.
         Starting Commit a transient machine-id on disk...
         Starting Set console font and keymap...
         Starting Tell Plymouth To Write Out Runtime Data...
         Starting ebtables ruleset management...
         Starting Create Volatile Files and Directories...
         Starting AppArmor initialization...
[[0;32m  OK  [0m] Found device /dev/ttyS0.
[[0;32m  OK  [0m] Started Tell Plymouth To Write Out Runtime Data.
[[0;32m  OK  [0m] Started Commit a transient machine-id on disk.
[[0;32m  OK  [0m] Started Create Volatile Files and Directories.
         Starting Update UTMP about System Boot/Shutdown...
[[0;32m  OK  [0m] Listening on Load/Save RF Kill Switch Status /dev/rfkill Watch.
[[0;32m  OK  [0m] Started Update UTMP about System Boot/Shutdown.
[[0;32m  OK  [0m] Started ebtables ruleset management.
         Mounting Arbitrary Executable File Formats File System...
[[0;32m  OK  [0m] Mounted Arbitrary Executable File Formats File System.
[[0;32m  OK  [0m] Started AppArmor initialization.
         Starting Load AppArmor profiles managed internally by snapd...
         Starting Initial cloud-init job (pre-networking)...
[[0;32m  OK  [0m] Started Load AppArmor profiles managed internally by snapd.
[[0;32m  OK  [0m] Started Set console font and keymap.
[   11.582806] cloud-init[765]: Cloud-init v. 23.1.2-0ubuntu0~18.04.1 running 'init-local' at Tue, 05 Sep 2023 19:06:15 +0000. Up 11.29 seconds.
[[0;32m  OK  [0m] Started Initial cloud-init job (pre-networking).
[[0;32m  OK  [0m] Reached target Network (Pre).
         Starting Network Service...
[[0;32m  OK  [0m] Started Network Service.
         Starting Network Name Resolution...
         Starting Wait for Network to be Configured...
[[0;32m  OK  [0m] Started Network Name Resolution.
[[0;32m  OK  [0m] Reached target Host and Network Name Lookups.
[[0;32m  OK  [0m] Reached target Network.
[[0;32m  OK  [0m] Started Wait for Network to be Configured.
         Starting Initial cloud-init job (metadata service crawler)...
[   13.155188] cloud-init[897]: Cloud-init v. 23.1.2-0ubuntu0~18.04.1 running 'init' at Tue, 05 Sep 2023 19:06:17 +0000. Up 13.04 seconds.
[   13.161435] cloud-init[897]: ci-info: ++++++++++++++++++++++++++++++++++++++Net device info++++++++++++++++++++++++++++++++++++++
[   13.166978] cloud-init[897]: ci-info: +--------+------+----------------------------+---------------+--------+-------------------+
[   13.172486] cloud-init[897]: ci-info: | Device |  Up  |          Address           |      Mask     | Scope  |     Hw-Address    |
[   13.177851] cloud-init[897]: ci-info: +--------+------+----------------------------+---------------+--------+-------------------+
[   13.183412] cloud-init[897]: ci-info: | enp0s3 | True |         10.0.2.15          | 255.255.255.0 | global | 02:3b:7b:b7:3b:2d |
[   13.188430] cloud-init[897]: ci-info: | enp0s3 | True | fe80::3b:7bff:feb7:3b2d/64 |       .       |  link  | 02:3b:7b:b7:3b:2d |
[   13.193452] cloud-init[897]: ci-info: |   lo   | True |         127.0.0.1          |   255.0.0.0   |  host  |         .         |
[   13.199499] cloud-init[897]: ci-info: |   lo   | True |          ::1/128           |       .       |  host  |         .         |
[   13.204570] cloud-init[897]: ci-info: +--------+------+----------------------------+---------------+--------+-------------------+
[   13.207357] cloud-init[897]: ci-info: ++++++++++++++++++++++++++++Route IPv4 info+++++++++++++++++++++++++++++
[   13.210019] cloud-init[897]: ci-info: +-------+-------------+----------+-----------------+-----------+-------+
[   13.212586] cloud-init[897]: ci-info: | Route | Destination | Gateway  |     Genmask     | Interface | Flags |
[   13.214814] cloud-init[897]: ci-info: +-------+-------------+----------+-----------------+-----------+-------+
[   13.217148] cloud-init[897]: ci-info: |   0   |   0.0.0.0   | 10.0.2.2 |     0.0.0.0     |   enp0s3  |   UG  |
[   13.219481] cloud-init[897]: ci-info: |   1   |   10.0.2.0  | 0.0.0.0  |  255.255.255.0  |   enp0s3  |   U   |
[   13.221949] cloud-init[897]: ci-info: |   2   |   10.0.2.2  | 0.0.0.0  | 255.255.255.255 |   enp0s3  |   UH  |
[   13.224276] cloud-init[897]: ci-info: +-------+-------------+----------+-----------------+-----------+-------+
[   13.226697] cloud-init[897]: ci-info: +++++++++++++++++++Route IPv6 info+++++++++++++++++++
[   13.228652] cloud-init[897]: ci-info: +-------+-------------+---------+-----------+-------+
[   13.230616] cloud-init[897]: ci-info: | Route | Destination | Gateway | Interface | Flags |
[   13.232657] cloud-init[897]: ci-info: +-------+-------------+---------+-----------+-------+
[   13.234566] cloud-init[897]: ci-info: |   1   |  fe80::/64  |    ::   |   enp0s3  |   U   |
[   13.236508] cloud-init[897]: ci-info: |   3   |    local    |    ::   |   enp0s3  |   U   |
[   13.238391] cloud-init[897]: ci-info: |   4   |   ff00::/8  |    ::   |   enp0s3  |   U   |
[   13.240522] cloud-init[897]: ci-info: +-------+-------------+---------+-----------+-------+
[   14.809764] cloud-init[897]: Generating public/private rsa key pair.
[   14.812169] cloud-init[897]: Your identification has been saved in /etc/ssh/ssh_host_rsa_key.
[   14.814379] cloud-init[897]: Your public key has been saved in /etc/ssh/ssh_host_rsa_key.pub.
[   14.816772] cloud-init[897]: The key fingerprint is:
[   14.818339] cloud-init[897]: SHA256:L3FUO0MJnvW00t3nFwTkiV9Jg8IIR4gA2yYdrhcCb/Y root@ubuntu-bionic
[   14.820832] cloud-init[897]: The key's randomart image is:
[   14.822272] cloud-init[897]: +---[RSA 2048]----+
[   14.823695] cloud-init[897]: |...o. ..+o+.=+++ |
[   14.825102] cloud-init[897]: |..= .. ..o B+*+o+|
[   14.826355] cloud-init[897]: | ++*      +.*o+++|
[   14.827542] cloud-init[897]: | o=..    .  .+..o|
[   14.829044] cloud-init[897]: | . .E   S .  .  o|
[   14.830251] cloud-init[897]: |  .      +      .|
[   14.831608] cloud-init[897]: |        . .      |
[   14.833168] cloud-init[897]: |         .       |
[   14.834414] cloud-init[897]: |                 |
[   14.835813] cloud-init[897]: +----[SHA256]-----+
[   14.837129] cloud-init[897]: Generating public/private dsa key pair.
[   14.838845] cloud-init[897]: Your identification has been saved in /etc/ssh/ssh_host_dsa_key.
[   14.841152] cloud-init[897]: Your public key has been saved in /etc/ssh/ssh_host_dsa_key.pub.
[   14.843323] cloud-init[897]: The key fingerprint is:
[   14.844850] cloud-init[897]: SHA256:4JffJEFzcrRGhxDoXC0eE7SSi2Lea98iYbySnhEmhZo root@ubuntu-bionic
[   14.847310] cloud-init[897]: The key's randomart image is:
[   14.849096] cloud-init[897]: +---[DSA 1024]----+
[   14.850460] cloud-init[897]: |         oO*=..  |
[   14.851792] cloud-init[897]: |   .    .o=Boo   |
[   14.853226] cloud-init[897]: |  . . .oooo+o    |
[   14.854455] cloud-init[897]: | o . . oo+.o     |
[   14.855647] cloud-init[897]: |E . =.o S . .    |
[   14.856885] cloud-init[897]: |   = ++. . +     |
[   14.858265] cloud-init[897]: |    oo.o  . .    |
[   14.859513] cloud-init[897]: |    oo+...       |
[   14.860847] cloud-init[897]: |   .oo.o...      |
[   14.862139] cloud-init[897]: +----[SHA256]-----+
[   14.863334] cloud-init[897]: Generating public/private ecdsa key pair.
[   14.865959] cloud-init[897]: Your identification has been saved in /etc/ssh/ssh_host_ecdsa_key.
[   14.868098] cloud-init[897]: Your public key has been saved in /etc/ssh/ssh_host_ecdsa_key.pub.
[   14.870384] cloud-init[897]: The key fingerprint is:
[   14.872239] cloud-init[897]: SHA256:E5oGNP7As2mWOPu29Q+gOFoj9Xp+KZTpzd+TfDa/SR8 root@ubuntu-bionic
[   14.874358] cloud-init[897]: The key's randomart image is:
[   14.875709] cloud-init[897]: +---[ECDSA 256]---+
[   14.876910] cloud-init[897]: |    o            |
[   14.878241] cloud-init[897]: |   + .           |
[   14.879572] cloud-init[897]: |    *   .        |
[   14.880887] cloud-init[897]: |   . O o .       |
[   14.882095] cloud-init[897]: |  + *o* S        |
[   14.883264] cloud-init[897]: | . B+o . .       |
[   14.885230] cloud-init[897]: |. *ooo.... .  .E |
[   14.888068] cloud-init[897]: | + ==.=. o+ +. o.|
[   14.891068] cloud-init[897]: |. .+++ .o.o+ o+..|
[   14.895227] cloud-init[897]: +----[SHA256]-----+
[   14.898939] cloud-init[897]: Generating public/private ed25519 key pair.
[   14.903028] cloud-init[897]: Your identification has been saved in /etc/ssh/ssh_host_ed25519_key.
[   14.907810] cloud-init[897]: Your public key has been saved in /etc/ssh/ssh_host_ed25519_key.pub.
[   14.912927] cloud-init[897]: The key fingerprint is:
[   14.916930] cloud-init[897]: SHA256:C7C9EbTaEFHkOwTfaaR/BvwHTRZhBcFxBM+Y3I4QoTM root@ubuntu-bionic
[   14.921756] cloud-init[897]: The key's randomart image is:
[   14.925293] cloud-init[897]: +--[ED25519 256]--+
[   14.928984] cloud-init[897]: [[0;32m  OK  [0m] Started Initial cloud-init job (metadata service crawler).
[[0;32m  OK  [0m] |    +++ . oo@X+  |
[   14.936668] cloud-init[897]: |     * * o B.B   |
[   14.936889] cloud-init[897]: |    o B E o = +  |
[   14.937189] cloud-init[897]: |     O = = o o   |
[   14.937489] cloud-init[897]: |    o B S + o .  |
[   14.937803] cloud-init[897]: |       = + .     |
[   14.938162] cloud-init[897]: |      . .        |
[   14.938518] cloud-init[897]: |                 |
[   14.938892] cloud-init[897]: |                 |
[   14.939157] cloud-init[897]: +----[SHA256]-----+
Reached target System Initialization.
[[0;32m  OK  [0m] Listening on D-Bus System Message Bus Socket.
         Starting LXD - unix socket.
[[0;32m  OK  [0m] Started Daily apt download activities.
[[0;32m  OK  [0m] Started Daily apt upgrade and clean activities.
[[0;32m  OK  [0m] Listening on ACPID Listen Socket.
[[0;32m  OK  [0m] Started ACPI Events Check.
[[0;32m  OK  [0m] Reached target Paths.
[[0;32m  OK  [0m] Started Ubuntu Advantage Timer for running repeated jobs.
[[0;32m  OK  [0m] Started Discard unused blocks once a week.
[[0;32m  OK  [0m] Listening on cloud-init hotplug hook socket.
[[0;32m  OK  [0m] Started Message of the Day.
[[0;32m  OK  [0m] Listening on UUID daemon activation socket.
[[0;32m  OK  [0m] Started Daily Cleanup of Temporary Directories.
[[0;32m  OK  [0m] Reached target Timers.
         Starting Socket activation for snappy daemon.
[[0;32m  OK  [0m] Listening on Open-iSCSI iscsid Socket.
[[0;32m  OK  [0m] Reached target Cloud-config availability.
[[0;32m  OK  [0m] Reached target Network is Online.
[[0;32m  OK  [0m] Reached target Remote File Systems (Pre).
[[0;32m  OK  [0m] Reached target Remote File Systems.
         Starting Availability of block devices...
[[0;32m  OK  [0m] Listening on LXD - unix socket.
[[0;32m  OK  [0m] Listening on Socket activation for snappy daemon.
[[0;32m  OK  [0m] Started Availability of block devices.
[[0;32m  OK  [0m] Reached target Sockets.
[[0;32m  OK  [0m] Reached target Basic System.
         Starting LSB: Record successful boot for GRUB...
         Starting Pollinate to seed the pseudo random number generator...
         Starting Virtualbox guest utils...
         Starting Accounts Service...
[[0;32m  OK  [0m] Started FUSE filesystem for LXC.
         Starting System Logging Service...
[[0;32m  OK  [0m] Started Deferred execution scheduler.
         Starting Login Service...
         Starting Dispatcher daemon for systemd-networkd...
         Starting Permit User Sessions...
         Starting LSB: automatic crash report generation...
[[0;32m  OK  [0m] Started irqbalance daemon.
[[0;32m  OK  [0m] Started D-Bus System Message Bus.
[[0;32m  OK  [0m] Started Login Service.
[[0;32m  OK  [0m] Started Unattended Upgrades Shutdown.
[[0;32m  OK  [0m] Started Regular background program processing daemon.
         Starting Snap Daemon...
[[0;32m  OK  [0m] Reached target Login Prompts (Pre).
         Starting LXD - container startup/shutdown...
[[0;32m  OK  [0m] Started System Logging Service.
[[0;32m  OK  [0m] Started Permit User Sessions.
         Starting Authorization Manager...
         Starting Hold until boot process finishes up...
         Starting Terminate Plymouth Boot Screen...
[[0;32m  OK  [0m] Started Hold until boot process finishes up.
[[0;32m  OK  [0m] Started Serial Getty on ttyS0.
         Starting Set console scheme...
[[0;32m  OK  [0m] Started Terminate Plymouth Boot Screen.
[[0;32m  OK  [0m] Started LSB: automatic crash report generation.
[[0;32m  OK  [0m] Started Set console scheme.
[[0;32m  OK  [0m] Created slice system-getty.slice.
[[0;32m  OK  [0m] Started Getty on tty1.
[[0;32m  OK  [0m] Reached target Login Prompts.
[[0;32m  OK  [0m] Started Dispatcher daemon for systemd-networkd.
[[0;32m  OK  [0m] Started LSB: Record successful boot for GRUB.
[[0;32m  OK  [0m] Started Authorization Manager.
[[0;32m  OK  [0m] Started Accounts Service.
[[0;32m  OK  [0m] Started Virtualbox guest utils.
[[0;32m  OK  [0m] Started LXD - container startup/shutdown.
[[0;32m  OK  [0m] Started Snap Daemon.
         Starting Wait until snapd is fully seeded...
         Starting Time & Date Service...
[[0;32m  OK  [0m] Started Time & Date Service.
[[0;32m  OK  [0m] Started Pollinate to seed the pseudo random number generator.
         Starting OpenBSD Secure Shell server...
[[0;32m  OK  [0m] Started OpenBSD Secure Shell server.
[[0;32m  OK  [0m] Created slice User Slice of vagrant.
         Starting User Manager for UID 1000...
[[0;32m  OK  [0m] Started Session 1 of user vagrant.
[[0;32m  OK  [0m] Started User Manager for UID 1000.
[[0;32m  OK  [0m] Started Wait until snapd is fully seeded.
         Starting Apply the settings specified in cloud-config...
[   19.447566] cloud-init[1481]: Cloud-init v. 23.1.2-0ubuntu0~18.04.1 running 'modules:config' at Tue, 05 Sep 2023 19:06:22 +0000. Up 18.76 seconds.
[[0;32m  OK  [0m] Started Apply the settings specified in cloud-config.
[[0;32m  OK  [0m] Reached target Multi-User System.
         Starting Execute cloud user/final scripts...
[[0;32m  OK  [0m] Reached target Graphical Interface.
         Starting Update UTMP about System Runlevel Changes...
[[0;32m  OK  [0m] Started Update UTMP about System Runlevel Changes.
ci-info: no authorized SSH keys fingerprints found for user ubuntu.
<14>Sep  5 19:06:24 cloud-init: #############################################################
<14>Sep  5 19:06:24 cloud-init: -----BEGIN SSH HOST KEY FINGERPRINTS-----
<14>Sep  5 19:06:24 cloud-init: 1024 SHA256:4JffJEFzcrRGhxDoXC0eE7SSi2Lea98iYbySnhEmhZo root@ubuntu-bionic (DSA)
<14>Sep  5 19:06:24 cloud-init: 256 SHA256:E5oGNP7As2mWOPu29Q+gOFoj9Xp+KZTpzd+TfDa/SR8 root@ubuntu-bionic (ECDSA)
<14>Sep  5 19:06:24 cloud-init: 256 SHA256:C7C9EbTaEFHkOwTfaaR/BvwHTRZhBcFxBM+Y3I4QoTM root@ubuntu-bionic (ED25519)
<14>Sep  5 19:06:24 cloud-init: 2048 SHA256:L3FUO0MJnvW00t3nFwTkiV9Jg8IIR4gA2yYdrhcCb/Y root@ubuntu-bionic (RSA)
<14>Sep  5 19:06:24 cloud-init: -----END SSH HOST KEY FINGERPRINTS-----
<14>Sep  5 19:06:24 cloud-init: #############################################################
-----BEGIN SSH HOST KEY KEYS-----
ecdsa-sha2-nistp256 AAAAE2VjZHNhLXNoYTItbmlzdHAyNTYAAAAIbmlzdHAyNTYAAABBBLrf11nE4kIictkGjwb5kV7H1AZdCWh0qH9psZheDn0WUJvY0Lz/YvbiOkvpOHBbNJi3ubaUH6339R/35ejXdYc= root@ubuntu-bionic
ssh-ed25519 AAAAC3NzaC1lZDI1NTE5AAAAIG4MVkmlr7MmxWkR3cSPTmL7L2lh0PXkPqeZhkj6ATbo root@ubuntu-bionic
ssh-rsa AAAAB3NzaC1yc2EAAAADAQABAAABAQDj/EmQO78NO7Ew3BNPqdZDxjQKUxo+WQBEHH3MYbdrdkQTtqw1ADecKZbmQHFO7xZZmeavL78xWh/GPwYf7Rj7eXyrrPl5L7WCPATr1BoppV5ydydoxIpqww1gU3eIZ/Lo0s6zhxjpMI+lF+6adGHRvX2TfHYMuaknMvoYnRGD9/UmU/FUFejaEtveeWgD/CRyZxxmXHpf8r3YITH8fEJK9YL9nJYNArAapOmRwhbZdBfLKS50W7u2OM0H2ErxWaZYo8d3UpwOn9uzhM9zWiV2ZJB7ncTT1I6iTK06e1oBkG00BZ4Ts9QUC3Vzb/PuAWY59pSqZWPXfUpQnRa12/RH root@ubuntu-bionic
-----END SSH HOST KEY KEYS-----
[   20.341159] cloud-init[1553]: Cloud-init v. 23.1.2-0ubuntu0~18.04.1 running 'modules:final' at Tue, 05 Sep 2023 19:06:24 +0000. Up 20.08 seconds.
[   20.353332] cloud-init[1553]: Cloud-init v. 23.1.2-0ubuntu0~18.04.1 finished at Tue, 05 Sep 2023 19:06:24 +0000. Datasource DataSourceNoCloud [seed=/dev/sdb][dsmode=net].  Up 20.33 seconds

Ubuntu 18.04.6 LTS ubuntu-bionic ttyS0

ubuntu-bionic login: [[0;32m  OK  [0m] Stopped target Graphical Interface.
[[0;32m  OK  [0m] Stopped target Host and Network Name Lookups.
         Stopping User Manager for UID 1000...
[[0;32m  OK  [0m] Stopped target Mounted snaps.
[[0;32m  OK  [0m] Stopped target Mounting snaps.
         Stopping Authorization Manager...
         Stopping Accounts Service...
         Stopping Availability of block devices...
[[0;32m  OK  [0m] Stopped target Cloud-init target.
         Unmounting /run/user/1000...
[[0;32m  OK  [0m] Stopped Execute cloud user/final scripts.
[[0;32m  OK  [0m] Stopped Apply the settings specified in cloud-config.
[[0;32m  OK  [0m] Stopped target Cloud-config availability.
[[0;32m  OK  [0m] Stopped target Multi-User System.
         Stopping LSB:          Stopping Serial Getty on ttyS0...
         Stopping Getty on tty1...
         Stopping FUSE filesystem for LXC...
         Unmounting /var/lib/lxcfs...
[[0;32m  OK  [0m] Closed Load/Save RF Kill Switch Status /dev/rfkill Watch.
[[0;32m  OK  [0m] Stopped target Timers.
[[0;32m  OK  [0m] Stopped Daily apt upgrade and clean activities.
[[0;32m  OK  [0m] Stopped Daily Cleanup of Temporary Directories.
[[0;32m  OK  [0m] Stopped Ubuntu Advantage Timer for running repeated jobs.
         Stopping Dispatcher daemon for systemd-networkd...
         Stopping Virtualbox guest utils...
         Stopping LXD - container startup/shutdown...
[[0;32m  OK  [0m] Stopped Daily apt download activities.
[[0;32m  OK  [0m] Stopped Discard unused blocks once a week.
[[0;32m  OK  [0m] Stopped Message of the Day.
[[0;32m  OK  [0m] Stopped target System Time Synchronized.
         Stopping Session 8 of user vagrant.
[[0;32m  OK  [0m] Stopped Accounts Service.
[[0;32m  OK  [0m] Stopped System Logging Service.
[[0;32m  OK  [0m] Stopped Deferred execution scheduler.
[[0;32m  OK  [0m] Stopped Dispatcher daemon for systemd-networkd.
[[0;32m  OK  [0m] Stopped irqbalance daemon.
[[0;32m  OK  [0m] Stopped Regular background program processing daemon.
[[0;32m  OK  [0m] Stopped Authorization Manager.
[[0;32m  OK  [0m] Stopped Serial Getty on ttyS0.
[[0;32m  OK  [0m] Stopped Getty on tty1.
[[0;32m  OK  [0m] Stopped OpenBSD Secure Shell server.
[[0;32m  OK  [0m] Stopped User Manager for UID 1000.
[[0;32m  OK  [0m] Stopped Availability of block devices.
[[0;32m  OK  [0m] Unmounted /run/user/1000.
[[0;32m  OK  [0m] Stopped D-Bus System Message Bus.
[[0;32m  OK  [0m] Unmounted /var/lib/lxcfs.
[[0;32m  OK  [0m] Stopped FUSE filesystem for LXC.
[[0;32m  OK  [0m] Stopped Session 8 of user vagrant.
[[0;32m  OK  [0m] Removed slice User Slice of vagrant.
         Stopping Login Service...
[[0;32m  OK  [0m] Removed slice system-getty.slice.
         Stopping Permit User Sessions...
[[0;32m  OK  [0m] Stopped target Login Prompts (Pre).
[[0;32m  OK  [0m] Removed slice system-serial\x2dgetty.slice.
[[0;32m  OK  [0m] Stopped LXD - container startup/shutdown.
[[0;32m  OK  [0m] Stopped Permit User Sessions.
[[0;32m  OK  [0m] Stopped LSB: Record successful boot for GRUB.
[[0;32m  OK  [0m] Stopped LSB: automatic crash report generation.
[[0;32m  OK  [0m] Stopped target Remote File Systems.
         Unmounting /vagrant...
[[0;32m  OK  [0m] Stopped Virtualbox guest utils.
[[0;32m  OK  [0m] Unmounted /vagrant.
[[0;32m  OK  [0m] Reached target Unmount All Filesystems.
[[0;32m  OK  [0m] Stopped target Network is Online.
[[0;32m  OK  [0m] Stopped target Local File Systems (Pre).
         Stopping Monitoring of LVM2 mirrors…ng dmeventd or progress polling...
[[0;32m  OK  [0m] Stopped target Remote File Systems (Pre).
[[0;32m  OK  [0m] Stopped target Network.
         Stopping Network Name Resolution...
[[0;32m  OK  [0m] Stopped Login Service.
[[0;32m  OK  [0m] Stopped target User and Group Name Lookups.
[[0;32m  OK  [0m] Stopped target Basic System.
[[0;32m  OK  [0m] Stopped target Sockets.
[[0;32m  OK  [0m] Closed LXD - unix socket.
[[0;32m  OK  [0m] Closed Open-iSCSI iscsid Socket.
[[0;32m  OK  [0m] Closed UUID daemon activation socket.
[[0;32m  OK  [0m] Closed cloud-init hotplug hook socket.
[[0;32m  OK  [0m] Closed Socket activation for snappy daemon.
[[0;32m  OK  [0m] Closed Syslog Socket.
[[0;32m  OK  [0m] Closed ACPID Listen Socket.
[[0;32m  OK  [0m] Closed D-Bus System Message Bus Socket.
[[0;32m  OK  [0m] Stopped target Paths.
[[0;32m  OK  [0m] Stopped ACPI Events Check.
[[0;32m  OK  [0m] Stopped target System Initialization.
[[0;32m  OK  [0m] Stopped Initial cloud-init job (metadata service crawler).
[[0;32m  OK  [0m] Stopped Wait for Network to be Configured.
[[0;32m  OK  [0m] Stopped Create Static Device Nodes in /dev.
[[0;32m  OK  [0m] Stopped target Swap.
[[0;32m  OK  [0m] Stopped target Local Encrypted Volumes.
[[0;32m  OK  [0m] Stopped Forward Password Requests to Wall Directory Watch.
[[0;32m  OK  [0m] Stopped Commit a transient machine-id on disk.
         Stopping Update UTMP about System Boot/Shutdown...
         Stopping Load/Save Random Seed...
[[0;32m  OK  [0m] Stopped Dispatch Password Requests to Console Directory Watch.
[[0;32m  OK  [0m] Stopped target Slices.
[[0;32m  OK  [0m] Removed slice User and Session Slice.
[[0;32m  OK  [0m] Stopped Network Name Resolution.
[[0;32m  OK  [0m] Stopped Monitoring of LVM2 mirrors,…sing dmeventd or progress polling.
[[0;32m  OK  [0m] Stopped Load/Save Random Seed.
         Stopping LVM2 metadata daemon...
         Stopping Network Service...
[[0;32m  OK  [0m] Stopped LVM2 metadata daemon.
[[0;32m  OK  [0m] Stopped Update UTMP about System Boot/Shutdown.
[[0;32m  OK  [0m] Stopped Create Volatile Files and Directories.
[[0;32m  OK  [0m] Stopped Network Service.
[[0;32m  OK  [0m] Stopped target Network (Pre).
[[0;32m  OK  [0m] Stopped Initial cloud-init job (pre-networking).
[[0;32m  OK  [0m] Stopped Remount Root and Kernel File Systems.
[[0;32m  OK  [0m] Stopped Apply Kernel Variables.
[[0;32m  OK  [0m] Stopped Load Kernel Modules.
[[0;32m  OK  [0m] Reached target Shutdown.
[[0;32m  OK  [0m] Reached target Final Step.
         Starting Power-Off...
[ 2051.499416] reboot: Power down
