[    0.000000] Linux version 4.15.0-212-generic (buildd@lcy02-amd64-083) (gcc version 7.5.0 (Ubuntu 7.5.0-3ubuntu1~18.04)) #223-Ubuntu SMP Tue May 23 13:09:22 UTC 2023 (Ubuntu 4.15.0-212.223-generic 4.15.18)
[    0.000000] Command line: BOOT_IMAGE=/boot/vmlinuz-4.15.0-212-generic root=LABEL=cloudimg-rootfs ro console=tty1 console=ttyS0
[    0.000000] KERNEL supported cpus:
[    0.000000]   Intel GenuineIntel
[    0.000000]   AMD AuthenticAMD
[    0.000000]   Centaur CentaurHauls
[    0.000000] x86/fpu: x87 FPU will use FXSAVE
[    0.000000] e820: BIOS-provided physical RAM map:
[    0.000000] BIOS-e820: [mem 0x0000000000000000-0x000000000009fbff] usable
[    0.000000] BIOS-e820: [mem 0x000000000009fc00-0x000000000009ffff] reserved
[    0.000000] BIOS-e820: [mem 0x00000000000f0000-0x00000000000fffff] reserved
[    0.000000] BIOS-e820: [mem 0x0000000000100000-0x00000000403effff] usable
[    0.000000] BIOS-e820: [mem 0x00000000403f0000-0x00000000403fffff] ACPI data
[    0.000000] BIOS-e820: [mem 0x00000000fec00000-0x00000000fec00fff] reserved
[    0.000000] BIOS-e820: [mem 0x00000000fee00000-0x00000000fee00fff] reserved
[    0.000000] BIOS-e820: [mem 0x00000000fffc0000-0x00000000ffffffff] reserved
[    0.000000] NX (Execute Disable) protection: active
[    0.000000] SMBIOS 2.5 present.
[    0.000000] DMI: innotek GmbH VirtualBox/VirtualBox, BIOS VirtualBox 12/01/2006
[    0.000000] Hypervisor detected: KVM
[    0.000000] e820: last_pfn = 0x403f0 max_arch_pfn = 0x400000000
[    0.000000] MTRR: Disabled
[    0.000000] x86/PAT: MTRRs disabled, skipping PAT initialization too.
[    0.000000] CPU MTRRs all blank - virtualized system.
[    0.000000] x86/PAT: Configuration [0-7]: WB  WT  UC- UC  WB  WT  UC- UC  
[    0.000000] found SMP MP-table at [mem 0x0009fff0-0x0009ffff]
[    0.000000] Scanning 1 areas for low memory corruption
[    0.000000] RAMDISK: [mem 0x359cb000-0x36cdcfff]
[    0.000000] ACPI: Early table checksum verification disabled
[    0.000000] ACPI: RSDP 0x00000000000E0000 000024 (v02 VBOX  )
[    0.000000] ACPI: XSDT 0x00000000403F0030 00003C (v01 VBOX   VBOXXSDT 00000001 ASL  00000061)
[    0.000000] ACPI: FACP 0x00000000403F00F0 0000F4 (v04 VBOX   VBOXFACP 00000001 ASL  00000061)
[    0.000000] ACPI: DSDT 0x00000000403F0610 002353 (v02 VBOX   VBOXBIOS 00000002 INTL 20100528)
[    0.000000] ACPI: FACS 0x00000000403F0200 000040
[    0.000000] ACPI: FACS 0x00000000403F0200 000040
[    0.000000] ACPI: APIC 0x00000000403F0240 00005C (v02 VBOX   VBOXAPIC 00000001 ASL  00000061)
[    0.000000] ACPI: SSDT 0x00000000403F02A0 00036C (v01 VBOX   VBOXCPUT 00000002 INTL 20100528)
[    0.000000] ACPI: Reserving FACP table memory at [mem 0x403f00f0-0x403f01e3]
[    0.000000] ACPI: Reserving DSDT table memory at [mem 0x403f0610-0x403f2962]
[    0.000000] ACPI: Reserving FACS table memory at [mem 0x403f0200-0x403f023f]
[    0.000000] ACPI: Reserving FACS table memory at [mem 0x403f0200-0x403f023f]
[    0.000000] ACPI: Reserving APIC table memory at [mem 0x403f0240-0x403f029b]
[    0.000000] ACPI: Reserving SSDT table memory at [mem 0x403f02a0-0x403f060b]
[    0.000000] No NUMA configuration found
[    0.000000] Faking a node at [mem 0x0000000000000000-0x00000000403effff]
[    0.000000] NODE_DATA(0) allocated [mem 0x403c5000-0x403effff]
[    0.000000] kvm-clock: cpu 0, msr 0:40344001, primary cpu clock
[    0.000000] kvm-clock: Using msrs 4b564d01 and 4b564d00
[    0.000000] kvm-clock: using sched offset of 3484650381 cycles
[    0.000000] clocksource: kvm-clock: mask: 0xffffffffffffffff max_cycles: 0x1cd42e4dffb, max_idle_ns: 881590591483 ns
[    0.000000] Section 7 and 8 (node 0) have a circular dependency on usemap and pgdat allocations
[    0.000000] Zone ranges:
[    0.000000]   DMA      [mem 0x0000000000001000-0x0000000000ffffff]
[    0.000000]   DMA32    [mem 0x0000000001000000-0x00000000403effff]
[    0.000000]   Normal   empty
[    0.000000]   Device   empty
[    0.000000] Movable zone start for each node
[    0.000000] Early memory node ranges
[    0.000000]   node   0: [mem 0x0000000000001000-0x000000000009efff]
[    0.000000]   node   0: [mem 0x0000000000100000-0x00000000403effff]
[    0.000000] Reserved but unavailable: 104 pages
[    0.000000] Initmem setup node 0 [mem 0x0000000000001000-0x00000000403effff]
[    0.000000] ACPI: PM-Timer IO Port: 0x4008
[    0.000000] IOAPIC[0]: apic_id 2, version 32, address 0xfec00000, GSI 0-23
[    0.000000] ACPI: INT_SRC_OVR (bus 0 bus_irq 0 global_irq 2 dfl dfl)
[    0.000000] ACPI: INT_SRC_OVR (bus 0 bus_irq 9 global_irq 9 low level)
[    0.000000] Using ACPI (MADT) for SMP configuration information
[    0.000000] smpboot: Allowing 2 CPUs, 0 hotplug CPUs
[    0.000000] PM: Registered nosave memory: [mem 0x00000000-0x00000fff]
[    0.000000] PM: Registered nosave memory: [mem 0x0009f000-0x0009ffff]
[    0.000000] PM: Registered nosave memory: [mem 0x000a0000-0x000effff]
[    0.000000] PM: Registered nosave memory: [mem 0x000f0000-0x000fffff]
[    0.000000] e820: [mem 0x40400000-0xfebfffff] available for PCI devices
[    0.000000] Booting paravirtualized kernel on KVM
[    0.000000] clocksource: refined-jiffies: mask: 0xffffffff max_cycles: 0xffffffff, max_idle_ns: 7645519600211568 ns
[    0.000000] setup_percpu: NR_CPUS:8192 nr_cpumask_bits:2 nr_cpu_ids:2 nr_node_ids:1
[    0.000000] percpu: Embedded 50 pages/cpu s167936 r8192 d28672 u1048576
[    0.000000] PV qspinlock hash table entries: 256 (order: 0, 4096 bytes)
[    0.000000] Built 1 zonelists, mobility grouping on.  Total pages: 258921
[    0.000000] Policy zone: DMA32
[    0.000000] Kernel command line: BOOT_IMAGE=/boot/vmlinuz-4.15.0-212-generic root=LABEL=cloudimg-rootfs ro console=tty1 console=ttyS0
[    0.000000] Memory: 984692K/1052216K available (12300K kernel code, 2477K rwdata, 4324K rodata, 2480K init, 2720K bss, 67524K reserved, 0K cma-reserved)
[    0.000000] SLUB: HWalign=64, Order=0-3, MinObjects=0, CPUs=2, Nodes=1
[    0.000000] ftrace: allocating 39508 entries in 155 pages
[    0.004000] Hierarchical RCU implementation.
[    0.004000] 	RCU restricting CPUs from NR_CPUS=8192 to nr_cpu_ids=2.
[    0.004000] 	Tasks RCU enabled.
[    0.004000] RCU: Adjusting geometry for rcu_fanout_leaf=16, nr_cpu_ids=2
[    0.004000] NR_IRQS: 524544, nr_irqs: 440, preallocated irqs: 16
[    0.004000] random: crng init done
[    0.004000] Console: colour VGA+ 80x25
[    0.004000] console [tty1] enabled
[    0.004000] console [ttyS0] enabled
[    0.004000] ACPI: Core revision 20170831
[    0.004000] ACPI: 2 ACPI AML tables successfully acquired and loaded
[    0.004000] APIC: Switch to symmetric I/O mode setup
[    0.004000] ..TIMER: vector=0x30 apic1=0 pin1=2 apic2=-1 pin2=-1
[    0.004006] tsc: Detected 2687.998 MHz processor
[    0.007060] Calibrating delay loop (skipped) preset value.. 5375.99 BogoMIPS (lpj=10751992)
[    0.008007] pid_max: default: 32768 minimum: 301
[    0.012068] Security Framework initialized
[    0.016003] Yama: becoming mindful.
[    0.018480] AppArmor: AppArmor initialized
[    0.025453] Dentry cache hash table entries: 131072 (order: 8, 1048576 bytes)
[    0.029494] Inode-cache hash table entries: 65536 (order: 7, 524288 bytes)
[    0.032067] Mount-cache hash table entries: 2048 (order: 2, 16384 bytes)
[    0.036087] Mountpoint-cache hash table entries: 2048 (order: 2, 16384 bytes)
[    0.041715] Last level iTLB entries: 4KB 0, 2MB 0, 4MB 0
[    0.044004] Last level dTLB entries: 4KB 0, 2MB 0, 4MB 0, 1GB 0
[    0.052005] Spectre V1 : Mitigation: usercopy/swapgs barriers and __user pointer sanitization
[    0.056008] Spectre V2 : Mitigation: Enhanced IBRS
[    0.060004] Spectre V2 : Spectre v2 / SpectreRSB mitigation: Filling RSB on context switch
[    0.064003] Spectre V2 : Spectre v2 / PBRSB-eIBRS: Retire a single CALL on VMEXIT
[    0.068004] RETBleed: Mitigation: Enhanced IBRS
[    0.072002] Speculative Store Bypass: Vulnerable
[    0.076154] Freeing SMP alternatives memory: 36K
[    0.195723] APIC calibration not consistent with PM-Timer: 101ms instead of 100ms
[    0.196000] APIC delta adjusted to PM-Timer: 6357266 (6460683)
[    0.196305] smpboot: CPU0: 11th Gen Intel(R) Core(TM) i5-11400H @ 2.70GHz (family: 0x6, model: 0x8d, stepping: 0x1)
[    0.200364] Performance Events: unsupported p6 CPU model 141 no PMU driver, software events only.
[    0.208071] Hierarchical SRCU implementation.
[    0.211640] NMI watchdog: Perf event create on CPU 0 failed with -2
[    0.212006] NMI watchdog: Perf NMI watchdog permanently disabled
[    0.216000] smp: Bringing up secondary CPUs ...
[    0.220084] x86: Booting SMP configuration:
[    0.222902] .... node  #0, CPUs:      #1
[    0.004000] kvm-clock: cpu 1, msr 0:40344041, secondary cpu clock
[    0.232000] TSC synchronization [CPU#0 -> CPU#1]:
[    0.232000] Measured 38288 cycles TSC warp between CPUs, turning off TSC clock.
[    0.232000] tsc: Marking TSC unstable due to check_tsc_sync_source failed
[    0.236085] smp: Brought up 1 node, 2 CPUs
[    0.240008] smpboot: Max logical packages: 1
[    0.244004] smpboot: Total of 2 processors activated (10751.99 BogoMIPS)
[    0.248447] devtmpfs: initialized
[    0.250230] x86/mm: Memory block size: 128MB
[    0.252311] evm: security.selinux
[    0.256006] evm: security.SMACK64
[    0.258268] evm: security.SMACK64EXEC
[    0.260006] evm: security.SMACK64TRANSMUTE
[    0.264004] evm: security.SMACK64MMAP
[    0.266456] evm: security.apparmor
[    0.268003] evm: security.ima
[    0.269898] evm: security.capability
[    0.272333] clocksource: jiffies: mask: 0xffffffff max_cycles: 0xffffffff, max_idle_ns: 7645041785100000 ns
[    0.276018] futex hash table entries: 512 (order: 3, 32768 bytes)
[    0.280183] pinctrl core: initialized pinctrl subsystem
[    0.284522] RTC time: 18:29:29, date: 09/05/23
[    0.288845] NET: Registered protocol family 16
[    0.292159] audit: initializing netlink subsys (disabled)
[    0.296181] audit: type=2000 audit(1693938574.043:1): state=initialized audit_enabled=0 res=1
[    0.304062] cpuidle: using governor ladder
[    0.306885] cpuidle: using governor menu
[    0.308048] ACPI: bus type PCI registered
[    0.310498] acpiphp: ACPI Hot Plug PCI Controller Driver version: 0.5
[    0.312469] PCI: Using configuration type 1 for base access
[    0.320093] HugeTLB registered 2.00 MiB page size, pre-allocated 0 pages
[    0.324429] ACPI: Added _OSI(Module Device)
[    0.328417] ACPI: Added _OSI(Processor Device)
[    0.332011] ACPI: Added _OSI(3.0 _SCP Extensions)
[    0.336003] ACPI: Added _OSI(Processor Aggregator Device)
[    0.339381] ACPI: Added _OSI(Linux-Dell-Video)
[    0.340003] ACPI: Added _OSI(Linux-Lenovo-NV-HDMI-Audio)
[    0.344003] ACPI: Added _OSI(Linux-HPI-Hybrid-Graphics)
[    0.348694] ACPI: Executed 1 blocks of module-level executable AML code
[    0.358408] ACPI: Interpreter enabled
[    0.360017] ACPI: (supports S0 S5)
[    0.362697] ACPI: Using IOAPIC for interrupt routing
[    0.364350] PCI: Using host bridge windows from ACPI; if necessary, use "pci=nocrs" and report a bug
[    0.368229] ACPI: Enabled 2 GPEs in block 00 to 07
[    0.383336] ACPI: PCI Root Bridge [PCI0] (domain 0000 [bus 00-ff])
[    0.384020] acpi PNP0A03:00: _OSC: OS supports [ASPM ClockPM Segments MSI]
[    0.388609] acpi PNP0A03:00: _OSC: not requesting OS control; OS requires [ExtendedConfig ASPM ClockPM MSI]
[    0.392023] acpi PNP0A03:00: fail to add MMCONFIG information, can't access extended PCI configuration space under this bridge.
[    0.396735] PCI host bridge to bus 0000:00
[    0.400008] pci_bus 0000:00: root bus resource [io  0x0000-0x0cf7 window]
[    0.404008] pci_bus 0000:00: root bus resource [io  0x0d00-0xffff window]
[    0.408008] pci_bus 0000:00: root bus resource [mem 0x000a0000-0x000bffff window]
[    0.412007] pci_bus 0000:00: root bus resource [mem 0x40400000-0xfdffffff window]
[    0.416012] pci_bus 0000:00: root bus resource [bus 00-ff]
[    0.425871] pci 0000:00:01.1: legacy IDE quirk: reg 0x10: [io  0x01f0-0x01f7]
[    0.428009] pci 0000:00:01.1: legacy IDE quirk: reg 0x14: [io  0x03f6]
[    0.432009] pci 0000:00:01.1: legacy IDE quirk: reg 0x18: [io  0x0170-0x0177]
[    0.436007] pci 0000:00:01.1: legacy IDE quirk: reg 0x1c: [io  0x0376]
[    0.455209] pci 0000:00:07.0: quirk: [io  0x4000-0x403f] claimed by PIIX4 ACPI
[    0.456037] pci 0000:00:07.0: quirk: [io  0x4100-0x410f] claimed by PIIX4 SMB
[    0.469291] ACPI: PCI Interrupt Link [LNKA] (IRQs 5 9 10 *11)
[    0.472445] ACPI: PCI Interrupt Link [LNKB] (IRQs 5 9 *10 11)
[    0.476189] ACPI: PCI Interrupt Link [LNKC] (IRQs 5 *9 10 11)
[    0.480162] ACPI: PCI Interrupt Link [LNKD] (IRQs 5 9 10 *11)
[    0.484769] SCSI subsystem initialized
[    0.488258] pci 0000:00:02.0: vgaarb: setting as boot VGA device
[    0.491926] pci 0000:00:02.0: vgaarb: VGA device added: decodes=io+mem,owns=io+mem,locks=none
[    0.492010] pci 0000:00:02.0: vgaarb: bridge control possible
[    0.496004] vgaarb: loaded
[    0.497875] ACPI: bus type USB registered
[    0.500038] usbcore: registered new interface driver usbfs
[    0.504011] usbcore: registered new interface driver hub
[    0.508063] usbcore: registered new device driver usb
[    0.512284] EDAC MC: Ver: 3.0.0
[    0.516896] PCI: Using ACPI for IRQ routing
[    0.520630] NetLabel: Initializing
[    0.524003] NetLabel:  domain hash size = 128
[    0.526762] NetLabel:  protocols = UNLABELED CIPSOv4 CALIPSO
[    0.532013] NetLabel:  unlabeled traffic allowed by default
[    0.536231] clocksource: Switched to clocksource kvm-clock
[    0.563162] VFS: Disk quotas dquot_6.6.0
[    0.563162] VFS: Dquot-cache hash table entries: 512 (order 0, 4096 bytes)
[    0.563162] AppArmor: AppArmor Filesystem Enabled
[    0.563162] pnp: PnP ACPI init
[    0.563162] pnp: PnP ACPI: found 3 devices
[    0.621650] clocksource: acpi_pm: mask: 0xffffff max_cycles: 0xffffff, max_idle_ns: 2085701024 ns
[    0.624688] NET: Registered protocol family 2
[    0.624688] IP idents hash table entries: 16384 (order: 5, 131072 bytes)
[    0.635818] TCP established hash table entries: 8192 (order: 4, 65536 bytes)
[    0.641145] TCP bind hash table entries: 8192 (order: 5, 131072 bytes)
[    0.645538] TCP: Hash tables configured (established 8192 bind 8192)
[    0.649181] UDP hash table entries: 512 (order: 2, 16384 bytes)
[    0.649181] UDP-Lite hash table entries: 512 (order: 2, 16384 bytes)
[    0.649181] NET: Registered protocol family 1
[    0.649181] pci 0000:00:00.0: Limiting direct PCI/PCI transfers
[    0.649181] pci 0000:00:01.0: Activating ISA DMA hang workarounds
[    0.649181] pci 0000:00:02.0: Video device with shadowed ROM at [mem 0x000c0000-0x000dffff]
[    0.649181] Unpacking initramfs...
[    1.044026] Freeing initrd memory: 19528K
[    1.047143] clocksource: tsc: mask: 0xffffffffffffffff max_cycles: 0x26bef4a354e, max_idle_ns: 440795213564 ns
[    1.053434] platform rtc_cmos: registered platform RTC device (no PNP device found)
[    1.058581] Scanning for low memory corruption every 60 seconds
[    1.065052] Initialise system trusted keyrings
[    1.068884] Key type blacklist registered
[    1.072059] workingset: timestamp_bits=36 max_order=18 bucket_order=0
[    1.078233] zbud: loaded
[    1.081016] squashfs: version 4.0 (2009/01/31) Phillip Lougher
[    1.085865] fuse init (API version 7.26)
[    1.111052] Key type asymmetric registered
[    1.113809] Asymmetric key parser 'x509' registered
[    1.116846] Block layer SCSI generic (bsg) driver version 0.4 loaded (major 246)
[    1.121941] io scheduler noop registered
[    1.124453] io scheduler deadline registered
[    1.127659] io scheduler cfq registered (default)
[    1.131287] ACPI: AC Adapter [AC] (on-line)
[    1.134391] input: Power Button as /devices/LNXSYSTM:00/LNXPWRBN:00/input/input0
[    1.139344] ACPI: Power Button [PWRF]
[    1.142217] input: Sleep Button as /devices/LNXSYSTM:00/LNXSLPBN:00/input/input1
[    1.147148] ACPI: Sleep Button [SLPF]
[    1.151710] ACPI: Battery Slot [BAT0] (battery present)
[    1.156086] Serial: 8250/16550 driver, 32 ports, IRQ sharing enabled
[    1.185570] 00:02: ttyS0 at I/O 0x3f8 (irq = 4, base_baud = 115200) is a 16550A
[    1.203064] Linux agpgart interface v0.103
[    1.213469] loop: module loaded
[    1.218770] scsi host0: ata_piix
[    1.221792] scsi host1: ata_piix
[    1.224068] ata1: PATA max UDMA/33 cmd 0x1f0 ctl 0x3f6 bmdma 0xd000 irq 14
[    1.228431] ata2: PATA max UDMA/33 cmd 0x170 ctl 0x376 bmdma 0xd008 irq 15
[    1.233483] tun: Universal TUN/TAP device driver, 1.6
[    1.237797] PPP generic driver version 2.4.2
[    1.241035] ehci_hcd: USB 2.0 'Enhanced' Host Controller (EHCI) Driver
[    1.245425] ehci-pci: EHCI PCI platform driver
[    1.248325] ehci-platform: EHCI generic platform driver
[    1.251842] ohci_hcd: USB 1.1 'Open' Host Controller (OHCI) Driver
[    1.255995] ohci-pci: OHCI PCI platform driver
[    1.258840] ohci-platform: OHCI generic platform driver
[    1.262230] uhci_hcd: USB Universal Host Controller Interface driver
[    1.267099] i8042: PNP: PS/2 Controller [PNP0303:PS2K,PNP0f03:PS2M] at 0x60,0x64 irq 1,12
[    1.275080] serio: i8042 KBD port at 0x60,0x64 irq 1
[    1.278496] serio: i8042 AUX port at 0x60,0x64 irq 12
[    1.283761] mousedev: PS/2 mouse device common for all mice
[    1.291718] rtc_cmos rtc_cmos: rtc core: registered rtc_cmos as rtc0
[    1.297008] input: AT Translated Set 2 keyboard as /devices/platform/i8042/serio0/input/input2
[    1.300914] rtc_cmos rtc_cmos: alarms up to one day, 114 bytes nvram
[    1.307132] i2c /dev entries driver
[    1.309821] device-mapper: uevent: version 1.0.3
[    1.313537] device-mapper: ioctl: 4.37.0-ioctl (2017-09-20) initialised: dm-devel@redhat.com
[    1.320016] ledtrig-cpu: registered to indicate activity on CPUs
[    1.326013] NET: Registered protocol family 10
[    1.337043] Segment Routing with IPv6
[    1.340040] NET: Registered protocol family 17
[    1.343728] Key type dns_resolver registered
[    1.347616] mce: Using 0 MCE banks
[    1.350461] RAS: Correctable Errors collector initialized.
[    1.354360] sched_clock: Marking stable (1354303505, 0)->(1898102941, -543799436)
[    1.362822] registered taskstats version 1
[    1.365987] Loading compiled-in X.509 certificates
[    1.373425] Loaded X.509 cert 'Build time autogenerated kernel key: b5b26778eaa3ab3a4a6cee031137706e947d12ad'
[    1.380664] Loaded X.509 cert 'Canonical Ltd. Live Patch Signing: 14df34d1a87cf37625abec039ef2bf521249b969'
[    1.387251] Loaded X.509 cert 'Canonical Ltd. Kernel Module Signing: 88f752e560a1e0737e31163a466ad7b70a850c19'
[    1.394440] blacklist: Loading compiled-in revocation X.509 certificates
[    1.419996] Loaded X.509 cert 'Canonical Ltd. Secure Boot Signing: 61482aa2830d0ab2ad5af10b7250da9033ddcef0'
[    1.427309] Loaded X.509 cert 'Canonical Ltd. Secure Boot Signing (2017): 242ade75ac4a15e50d50c84b0d45ff3eae707a03'
[    1.434765] Loaded X.509 cert 'Canonical Ltd. Secure Boot Signing (ESM 2018): 365188c1d374d6b07c3c8f240f8ef722433d6a8b'
[    1.442357] Loaded X.509 cert 'Canonical Ltd. Secure Boot Signing (2019): c0746fd6c5da3ae827864651ad66ae47fe24b3e8'
[    1.449337] Loaded X.509 cert 'Canonical Ltd. Secure Boot Signing (2021 v1): a8d54bbb3825cfb94fa13c9f8a594a195c107b8d'
[    1.457500] Loaded X.509 cert 'Canonical Ltd. Secure Boot Signing (2021 v2): 4cf046892d6fd3c9a5b03f98d845f90851dc6a8c'
[    1.464824] Loaded X.509 cert 'Canonical Ltd. Secure Boot Signing (2021 v3): 100437bb6de6e469b581e61cd66bce3ef4ed53af'
[    1.471805] Loaded X.509 cert 'Canonical Ltd. Secure Boot Signing (Ubuntu Core 2019): c1d57b8f6b743f23ee41f4f7ee292f06eecadfb9'
[    1.479279] zswap: loaded using pool lzo/zbud
[    1.490042] Key type big_key registered
[    1.492730] Key type trusted registered
[    1.499153] Key type encrypted registered
[    1.501745] AppArmor: AppArmor sha1 policy hashing enabled
[    1.505584] ima: No TPM chip found, activating TPM-bypass! (rc=-19)
[    1.509524] ima: Allocated hash algorithm: sha1
[    1.512679] evm: HMAC attrs: 0x1
[    1.515492]   Magic number: 7:230:493
[    1.519109] rtc_cmos rtc_cmos: setting system clock to 2023-09-05 18:29:30 UTC (1693938570)
[    1.524964] BIOS EDD facility v0.16 2004-Jun-25, 0 devices found
[    1.528963] EDD information not available.
[    1.533925] Freeing unused kernel image memory: 2480K
[    1.560773] Write protecting the kernel read-only data: 20480k
[    1.565625] Freeing unused kernel image memory: 2008K
[    1.569887] Freeing unused kernel image memory: 1820K
[    1.577325] x86/mm: Checked W+X mappings: passed, no W+X pages found.
Loading, please wait...
starting version 237
[    1.645506] e1000: Intel(R) PRO/1000 Network Driver - version 7.3.21-k8-NAPI
[    1.650296] e1000: Copyright (c) 1999-2006 Intel Corporation.
[    1.656367] Fusion MPT base driver 3.04.20
[    1.660258] Copyright (c) 1999-2008 LSI Corporation
[    1.669505] Fusion MPT SPI Host driver 3.04.20
[    1.690311] SSE version of gcm_enc/dec engaged.
[    1.894168] input: ImExPS/2 Generic Explorer Mouse as /devices/platform/i8042/serio1/input/input4
[    2.264834] e1000 0000:00:03.0 eth0: (PCI:33MHz:32-bit) 02:3b:7b:b7:3b:2d
[    2.269334] e1000 0000:00:03.0 eth0: Intel(R) PRO/1000 Network Connection
[    2.276522] mptbase: ioc0: Initiating bringup
[    2.390274] ioc0: LSI53C1030 A0: Capabilities={Initiator}
[    2.643668] scsi host2: ioc0: LSI53C1030 A0, FwRev=00000000h, Ports=1, MaxQ=256, IRQ=20
[    2.817839] scsi 2:0:0:0: Direct-Access     VBOX     HARDDISK         1.0  PQ: 0 ANSI: 5
[    2.852096] scsi target2:0:0: Beginning Domain Validation
[    2.888330] scsi target2:0:0: Domain Validation skipping write tests
[    2.892662] scsi target2:0:0: Ending Domain Validation
[    2.917338] scsi target2:0:0: asynchronous
[    2.933104] scsi 2:0:1:0: Direct-Access     VBOX     HARDDISK         1.0  PQ: 0 ANSI: 5
[    3.288189] scsi target2:0:1: Beginning Domain Validation
[    3.296753] scsi target2:0:1: Domain Validation skipping write tests
[    3.301219] scsi target2:0:1: Ending Domain Validation
[    3.304866] scsi target2:0:1: asynchronous
[    3.316276] sd 2:0:0:0: Attached scsi generic sg0 type 0
[    3.319972] sd 2:0:1:0: Attached scsi generic sg1 type 0
[    3.324637] sd 2:0:0:0: [sda] 83886080 512-byte logical blocks: (42.9 GB/40.0 GiB)
[    3.330257] sd 2:0:1:0: [sdb] 20480 512-byte logical blocks: (10.5 MB/10.0 MiB)
[    3.335206] sd 2:0:0:0: [sda] Write Protect is off
[    3.338603] sd 2:0:1:0: [sdb] Write Protect is off
[    3.342156] sd 2:0:0:0: [sda] Incomplete mode parameter data
[    3.346672] sd 2:0:0:0: [sda] Assuming drive cache: write through
[    3.350926] sd 2:0:1:0: [sdb] Incomplete mode parameter data
[    3.354752] sd 2:0:1:0: [sdb] Assuming drive cache: write through
[    3.371528]  sda: sda1
[    3.376675] sd 2:0:1:0: [sdb] Attached SCSI disk
[    3.380158] sd 2:0:0:0: [sda] Attached SCSI disk
[    3.433316] e1000 0000:00:08.0 eth1: (PCI:33MHz:32-bit) 08:00:27:a2:e9:63
[    3.438703] e1000 0000:00:08.0 eth1: Intel(R) PRO/1000 Network Connection
[    3.445892] e1000 0000:00:03.0 enp0s3: renamed from eth0
[    3.473291] e1000 0000:00:08.0 enp0s8: renamed from eth1
Begin: Loading essential drivers ... [    5.368779] raid6: sse2x1   gen() 14965 MB/s
[    5.417260] raid6: sse2x1   xor()  9988 MB/s
[    5.464075] raid6: sse2x2   gen() 19119 MB/s
[    5.512819] raid6: sse2x2   xor() 13599 MB/s
[    5.560708] raid6: sse2x4   gen() 21683 MB/s
[    5.612187] raid6: sse2x4   xor() 11205 MB/s
[    5.615287] raid6: using algorithm sse2x4 gen() 21683 MB/s
[    5.618924] raid6: .... xor() 11205 MB/s, rmw enabled
[    5.622268] raid6: using ssse3x2 recovery algorithm
[    5.627158] xor: measuring software checksum speed
[   11.014547]    prefetch64-sse: 1316165.704 MB/sec
[   11.118533]    generic_sse: 53219.000 MB/sec
[   11.121936] xor: using function: prefetch64-sse (1316165.704 MB/sec)
[   11.128825] async_tx: api initialized (async)
done.
Begin: Running /scripts/init-premount ... done.
Begin: Mounting root file system ... Begin: Running /scripts/local-top ... done.
Begin: Running /scripts/local-premount ... [   11.187829] Btrfs loaded, crc32c=crc32c-intel
Scanning for Btrfs filesystems
done.
Warning: fsck not present, so skipping root file system
[   11.229717] EXT4-fs (sda1): mounted filesystem with ordered data mode. Opts: (null)
done.
Begin: Running /scripts/local-bottom ... done.
Begin: Running /scripts/init-bottom ... done.
[   11.413399] ip_tables: (C) 2000-2006 Netfilter Core Team
[   11.430821] systemd[1]: systemd 237 running in system mode. (+PAM +AUDIT +SELINUX +IMA +APPARMOR +SMACK +SYSVINIT +UTMP +LIBCRYPTSETUP +GCRYPT +GNUTLS +ACL +XZ +LZ4 +SECCOMP +BLKID +ELFUTILS +KMOD -IDN2 +IDN -PCRE2 default-hierarchy=hybrid)
[   11.444009] systemd[1]: Detected virtualization oracle.
[   11.447468] systemd[1]: Detected architecture x86-64.

Welcome to [1mUbuntu 18.04.6 LTS[0m!

[   11.472709] systemd[1]: Set hostname to <ubuntu>.
[   11.481014] systemd[1]: Initializing machine ID from random generator.
[   11.484966] systemd[1]: Installed transient /etc/machine-id file.
[   11.754096] systemd[1]: Started Forward Password Requests to Wall Directory Watch.
[[0;32m  OK  [0m] Started Forward Password Requests to Wall Directory Watch.
[   11.761057] systemd[1]: Reached target System Time Synchronized.
[[0;32m  OK  [0m] Reached target System Time Synchronized.
[   11.766165] systemd[1]: Reached target User and Group Name Lookups.
[[0;32m  OK  [0m] Reached target User and Group Name Lookups.
[   11.779894] systemd[1]: Created slice User and Session Slice.
[[0;32m  OK  [0m] Created slice User and Session Slice.
[[0;32m  OK  [0m] Set up automount Arbitrary Executab…rmats File System Automount Point.
[[0;32m  OK  [0m] Created slice System Slice.
[[0;32m  OK  [0m] Listening on Journal Audit Socket.
[[0;32m  OK  [0m] Listening on LVM2 poll daemon socket.
[[0;32m  OK  [0m] Listening on Journal Socket.
[[0;32m  OK  [0m] Listening on udev Control Socket.
[[0;32m  OK  [0m] Listening on udev Kernel Socket.
         Starting Uncomplicated firewall...
[[0;32m  OK  [0m] Listening on fsck to fsckd communication Socket.
[[0;32m  OK  [0m] Listening on /dev/initctl Compatibility Named Pipe.
[[0;32m  OK  [0m] Reached target Slices.
[[0;32m  OK  [0m] Listening on Syslog Socket.
         Mounting Huge Pages File System...
         Starting Set the console keyboard layout...
[[0;32m  OK  [0m] Listening on Journal Socket (/dev/log).
         Starting File System Check on Root Device...
         Starting Journal Service...
[[0;32m  OK  [0m] Reached target Swap.
         Starting udev Coldplug all Devices...
[[0;32m  OK  [0m] Reached target Mounting snaps.
[[0;32m  OK  [0m] Reached target Mounted snaps.
         Mounting Kernel Debug File System...
[[0;32m  OK  [0m] Listening on Network Service Netlink Socket.
         Starting Create list of required st…ce nodes for the current kernel...
         Starting Load Kernel Modules...
[[0;32m  OK  [0m] Created slice system-serial\x2dgetty.slice.
[[0;32m  OK  [0m] Listening on Device-mapper event daemon FIFOs.
         Mounting POSIX Message Queue File System...
[[0;32m  OK  [0m] Listening on LVM2 metadata daemon socket.
         Starting Monitoring of LVM2 mirrors…ng dmeventd or progress polling...
[[0;32m  OK  [0m] Started Uncomplicated firewall.
[[0;32m  OK  [0m] Mounted Huge Pages File System.
[[0;32m  OK  [0m] Mounted Kernel Debug File System.
[[0;32m  OK  [0m] Mounted POSIX Message Queue File System.
[[0;32m  OK  [0m] Started File System Check Daemon to report status.
[[0;32m  OK  [0m] Started Create list of required sta…vice nodes for the current kernel.
         Starting Create Static Device Nodes in /dev...
[[0;32m  OK  [0m] Started udev Coldplug all Devices.
[[0;32m  OK  [0m] Started Journal Service.
[[0;32m  OK  [0m] Started File System Check on Root Device.
         [   11.942723] Loading iSCSI transport class v2.0-870.
Starting Remount Root and Kernel File Systems...
[[0;32m  OK  [0m] Started Create Static Device Nodes in /dev.
[   12.004430] EXT4-fs (sda1): re-mounted. Opts: (null)
[[0;32m  OK  [0m] Started Remount Root and Kernel File Systems.
         Starting Load/Save Random Seed...
         Starting Flush Journal to Persistent Storage...
         Starting udev Kernel Device Manager...
[[0;32m  OK  [0m] Started Load/Save Random Seed.
[   12.059461] iscsi: registered transport (tcp)
[[0;32m  OK  [0m] Started LVM2 metadata daemon.
[   12.068071] systemd-journald[412]: Received request to flush runtime journal from PID 1
[[0;32m  OK  [0m] Started udev Kernel Device Manager.
[[0;32m  OK  [0m] Started Monitoring of LVM2 mirrors,…sing dmeventd or progress polling.
[   12.194122] iscsi: registered transport (iser)
[[0;32m  OK  [0m] Started Flush Journal to Persistent Storage.
[[0;32m  OK  [0m] Started Load Kernel Modules.
         Starting Apply Kernel Variables...
         Mounting Kernel Configuration File System...
         Mounting FUSE Control File System...
[[0;32m  OK  [0m] Mounted FUSE Control File System.
[[0;32m  OK  [0m] Mounted Kernel Configuration File System.
[[0;32m  OK  [0m] Started Apply Kernel Variables.
[[0;32m  OK  [0m] Found device /dev/ttyS0.
[[0;32m  OK  [0m] Listening on Load/Save RF Kill Switch Status /dev/rfkill Watch.
         Mounting Arbitrary Executable File Formats File System...
[[0;32m  OK  [0m] Mounted Arbitrary Executable File Formats File System.
[[0;32m  OK  [0m] Started Set the console keyboard layout.
[[0;32m  OK  [0m] Reached target Local File Systems (Pre).
[[0;32m  OK  [0m] Reached target Local File Systems.
         Starting ebtables ruleset management...
         Starting Set console font and keymap...
         Starting Commit a transient machine-id on disk...
         Starting AppArmor initialization...
         Starting Tell Plymouth To Write Out Runtime Data...
         Starting Create Volatile Files and Directories...
[[0;32m  OK  [0m] Started Dispatch Password Requests to Console Directory Watch.
[[0;32m  OK  [0m] Reached target Local Encrypted Volumes.
[[0;32m  OK  [0m] Started Tell Plymouth To Write Out Runtime Data.
[[0;32m  OK  [0m] Started Create Volatile Files and Directories.
         Starting Update UTMP about System Boot/Shutdown...
[[0;32m  OK  [0m] Started Commit a transient machine-id on disk.
[[0;32m  OK  [0m] Started Update UTMP about System Boot/Shutdown.
[[0;32m  OK  [0m] Started ebtables ruleset management.
[[0;32m  OK  [0m] Started AppArmor initialization.
         Starting Initial cloud-init job (pre-networking)...
         Starting Load AppArmor profiles managed internally by snapd...
[[0;32m  OK  [0m] Started Load AppArmor profiles managed internally by snapd.
[[0;32m  OK  [0m] Started Set console font and keymap.
[   15.092597] cloud-init[768]: Cloud-init v. 23.1.2-0ubuntu0~18.04.1 running 'init-local' at Tue, 05 Sep 2023 18:29:43 +0000. Up 14.78 seconds.
[[0;32m  OK  [0m] Started Initial cloud-init job (pre-networking).
[[0;32m  OK  [0m] Reached target Network (Pre).
         Starting Network Service...
[[0;32m  OK  [0m] Started Network Service.
         Starting Network Name Resolution...
         Starting Wait for Network to be Configured...
[[0;32m  OK  [0m] Started Network Name Resolution.
[[0;32m  OK  [0m] Reached target Network.
[[0;32m  OK  [0m] Reached target Host and Network Name Lookups.
[[0;32m  OK  [0m] Started Wait for Network to be Configured.
         Starting Initial cloud-init job (metadata service crawler)...
[   17.144194] cloud-init[924]: Cloud-init v. 23.1.2-0ubuntu0~18.04.1 running 'init' at Tue, 05 Sep 2023 18:29:46 +0000. Up 17.02 seconds.
[   17.147870] cloud-init[924]: ci-info: ++++++++++++++++++++++++++++++++++++++Net device info+++++++++++++++++++++++++++++++++++++++
[   17.151035] cloud-init[924]: ci-info: +--------+-------+----------------------------+---------------+--------+-------------------+
[   17.154848] cloud-init[924]: ci-info: | Device |   Up  |          Address           |      Mask     | Scope  |     Hw-Address    |
[   17.158365] cloud-init[924]: ci-info: +--------+-------+----------------------------+---------------+--------+-------------------+
[   17.162218] cloud-init[924]: ci-info: | enp0s3 |  True |         10.0.2.15          | 255.255.255.0 | global | 02:3b:7b:b7:3b:2d |
[   17.165620] cloud-init[924]: ci-info: | enp0s3 |  True | fe80::3b:7bff:feb7:3b2d/64 |       .       |  link  | 02:3b:7b:b7:3b:2d |
[   17.168940] cloud-init[924]: ci-info: | enp0s8 | False |             .              |       .       |   .    | 08:00:27:a2:e9:63 |
[   17.171882] cloud-init[924]: ci-info: |   lo   |  True |         127.0.0.1          |   255.0.0.0   |  host  |         .         |
[   17.174986] cloud-init[924]: ci-info: |   lo   |  True |          ::1/128           |       .       |  host  |         .         |
[   17.178040] cloud-init[924]: ci-info: +--------+-------+----------------------------+---------------+--------+-------------------+
[   17.181609] cloud-init[924]: ci-info: ++++++++++++++++++++++++++++Route IPv4 info+++++++++++++++++++++++++++++
[   17.184163] cloud-init[924]: ci-info: +-------+-------------+----------+-----------------+-----------+-------+
[   17.186839] cloud-init[924]: ci-info: | Route | Destination | Gateway  |     Genmask     | Interface | Flags |
[   17.189529] cloud-init[924]: ci-info: +-------+-------------+----------+-----------------+-----------+-------+
[   17.192419] cloud-init[924]: ci-info: |   0   |   0.0.0.0   | 10.0.2.2 |     0.0.0.0     |   enp0s3  |   UG  |
[   17.195276] cloud-init[924]: ci-info: |   1   |   10.0.2.0  | 0.0.0.0  |  255.255.255.0  |   enp0s3  |   U   |
[   17.198217] cloud-init[924]: ci-info: |   2   |   10.0.2.2  | 0.0.0.0  | 255.255.255.255 |   enp0s3  |   UH  |
[   17.201158] cloud-init[924]: ci-info: +-------+-------------+----------+-----------------+-----------+-------+
[   17.203853] cloud-init[924]: ci-info: +++++++++++++++++++Route IPv6 info+++++++++++++++++++
[   17.206013] cloud-init[924]: ci-info: +-------+-------------+---------+-----------+-------+
[   17.208360] cloud-init[924]: ci-info: | Route | Destination | Gateway | Interface | Flags |
[   17.210878] cloud-init[924]: ci-info: +-------+-------------+---------+-----------+-------+
[   17.213308] cloud-init[924]: ci-info: |   1   |  fe80::/64  |    ::   |   enp0s3  |   U   |
[   17.215637] cloud-init[924]: ci-info: |   3   |    local    |    ::   |   enp0s3  |   U   |
[   17.220869] cloud-init[924]: ci-info: |   4   |   ff00::/8  |    ::   |   enp0s3  |   U   |
[   17.223310] cloud-init[924]: ci-info: +-------+-------------+---------+-----------+-------+
[   18.174530] cloud-init[924]: Generating public/private rsa key pair.
[   18.176473] cloud-init[924]: Your identification has been saved in /etc/ssh/ssh_host_rsa_key.
[   18.179247] cloud-init[924]: Your public key has been saved in /etc/ssh/ssh_host_rsa_key.pub.
[   18.181779] cloud-init[924]: The key fingerprint is:
[   18.183159] cloud-init[924]: SHA256:FEbojnM3QH2wb5CJRLshfJ+nfakq7e3ydkAAiHN0Cz8 root@ubuntu-bionic
[   18.185535] cloud-init[924]: The key's randomart image is:
[   18.187069] cloud-init[924]: +---[RSA 2048]----+
[   18.188548] cloud-init[924]: |   ooo===.       |
[   18.190169] cloud-init[924]: |  o.o=o=o=.      |
[   18.191573] cloud-init[924]: |   oooE *o       |
[   18.193039] cloud-init[924]: |     oo* +.      |
[   18.194463] cloud-init[924]: |     o..S.+      |
[   18.195977] cloud-init[924]: |    o o o=.  .   |
[   18.197423] cloud-init[924]: |     o o....o    |
[   18.198694] cloud-init[924]: |      . o..o.    |
[   18.200351] cloud-init[924]: |       oo*=.     |
[   18.201834] cloud-init[924]: +----[SHA256]-----+
[   18.203261] cloud-init[924]: Generating public/private dsa key pair.
[   18.204900] cloud-init[924]: Your identification has been saved in /etc/ssh/ssh_host_dsa_key.
[   18.207131] cloud-init[924]: Your public key has been saved in /etc/ssh/ssh_host_dsa_key.pub.
[   18.209811] cloud-init[924]: The key fingerprint is:
[   18.211318] cloud-init[924]: SHA256:7qViAk/AYyxtEoN/fSWqTlo6wwbmdzfMIEecAK8cPhY root@ubuntu-bionic
[   18.213961] cloud-init[924]: The key's randomart image is:
[   18.215435] cloud-init[924]: +---[DSA 1024]----+
[   18.216925] cloud-init[924]: |...              |
[   18.218198] cloud-init[924]: |+ ..    . .      |
[   18.219884] cloud-init[924]: | E .o... o       |
[   18.221593] cloud-init[924]: |= & .+o .        |
[   18.223160] cloud-init[924]: | @ +.. .S        |
[   18.224720] cloud-init[924]: |o.o.=o .         |
[   18.226231] cloud-init[924]: |oo Xo + . .      |
[   18.227767] cloud-init[924]: | .B.+.o* o       |
[   18.229551] cloud-init[924]: | ..o.o..+        |
[   18.230979] cloud-init[924]: +----[SHA256]-----+
[   18.232526] cloud-init[924]: Generating public/private ecdsa key pair.
[   18.234495] cloud-init[924]: Your identification has been saved in /etc/ssh/ssh_host_ecdsa_key.
[   18.237152] cloud-init[924]: Your public key has been saved in /etc/ssh/ssh_host_ecdsa_key.pub.
[   18.239838] cloud-init[924]: The key fingerprint is:
[   18.242029] cloud-init[924]: SHA256:3KFhUpK1k9GW5/CmEeLCKiKcDUzBVcSSDklgD/1R8b8 root@ubuntu-bionic
[   18.244673] cloud-init[924]: The key's randomart image is:
[   18.246232] cloud-init[924]: +---[ECDSA 256]---+
[   18.247569] cloud-init[924]: |===.=oo==. .     |
[   18.249105] cloud-init[924]: |.=o+ o.oo+* .    |
[   18.250385] cloud-init[924]: |o o.o.o.*+.*     |
[   18.251774] cloud-init[924]: | o . .o+.=o.+    |
[   18.253027] cloud-init[924]: |. +  . .S .=     |
[   18.254243] cloud-init[924]: |oo...     . .    |
[   18.255522] cloud-init[924]: |.. .       E     |
[   18.257106] cloud-init[924]: |                 |
[   18.258598] cloud-init[924]: |                 |
[   18.259932] cloud-init[924]: +----[SHA256]-----+
[   18.261376] cloud-init[924]: Generating public/private ed25519 key pair.
[   18.263418] cloud-init[924]: Your identification has been saved in /etc/ssh/ssh_host_ed25519_key.
[   18.266208] cloud-init[924]: Your public key has been saved in /etc/ssh/ssh_host_ed25519_key.pub.
[   18.268644] cloud-init[924]: The key fingerprint is:
[   18.270208] cloud-init[924]: SHA256:7mbQsP5ITUb1YcODYcjNZ29iwf7PoiEo52F0YZeditY root@ubuntu-bionic
[   18.272585] cloud-init[924]: The key's randomart image is:
[   18.274179] cloud-init[924]: +--[ED25519 256]--+
[   18.275601] cloud-init[924]: |       . ++=+    |
[   18.276880] cloud-init[924]: |        oo+oB= . |
[   18.278326] cloud-init[924]: |        . o+++o  |
[   18.279699] cloud-init[924]: |      .. . =+.o  |
[   18.281293] cloud-init[924]: |       +S +.E+   |
[   18.282737] cloud-init[924]: |      o*.+    .  |
[   18.284466] cloud-init[924]: |     .o.B . .  o |
[   18.285910] cloud-init[924]: |     ..Bo. . .. o|
[   18.287923] cloud-init[924]: |      .++   .. . |
[   18.289675] cloud-init[924]: +----[SHA256]-----+
[[0;32m  OK  [0m] Started Initial cloud-init job (metadata service crawler).
[[0;32m  OK  [0m] Reached target System Initialization.
[[0;32m  OK  [0m] Started ACPI Events Check.
[[0;32m  OK  [0m] Listening on Open-iSCSI iscsid Socket.
[[0;32m  OK  [0m] Started Daily apt download activities.
[[0;32m  OK  [0m] Started Ubuntu Advantage Timer for running repeated jobs.
[[0;32m  OK  [0m] Listening on UUID daemon activation socket.
[[0;32m  OK  [0m] Listening on ACPID Listen Socket.
         Starting Socket activation for snappy daemon.
         Starting LXD - unix socket.
[[0;32m  OK  [0m] Listening on D-Bus System Message Bus Socket.
[[0;32m  OK  [0m] Started Discard unused blocks once a week.
[[0;32m  OK  [0m] Reached target Paths.
[[0;32m  OK  [0m] Listening on cloud-init hotplug hook socket.
[[0;32m  OK  [0m] Started Daily Cleanup of Temporary Directories.
[[0;32m  OK  [0m] Started Message of the Day.
[[0;32m  OK  [0m] Started Daily apt upgrade and clean activities.
[[0;32m  OK  [0m] Reached target Timers.
[[0;32m  OK  [0m] Reached target Network is Online.
         Starting Availability of block devices...
[[0;32m  OK  [0m] Reached target Remote File Systems (Pre).
[[0;32m  OK  [0m] Reached target Remote File Systems.
[[0;32m  OK  [0m] Reached target Cloud-config availability.
[[0;32m  OK  [0m] Listening on Socket activation for snappy daemon.
[[0;32m  OK  [0m] Listening on LXD - unix socket.
[[0;32m  OK  [0m] Reached target Sockets.
[[0;32m  OK  [0m] Reached target Basic System.
[[0;32m  OK  [0m] Reached target Login Prompts (Pre).
         Starting LSB: automatic crash report generation...
         Starting LXD - container startup/shutdown...
         Starting System Logging Service...
[[0;32m  OK  [0m] Started Deferred execution scheduler.
         Starting Accounts Service...
         Starting Dispatcher daemon for systemd-networkd...
         Starting Login Service...
         Starting Snap Daemon...
         Starting Virtualbox guest utils...
         Starting Permit User Sessions...
[[0;32m  OK  [0m] Started D-Bus System Message Bus.
[[0;32m  OK  [0m] Started FUSE filesystem for LXC.
         Starting Pollinate to seed the pseudo random number generator...
[[0;32m  OK  [0m] Started Regular background program processing daemon.
         Starting LSB: Record successful boot for GRUB...
[[0;32m  OK  [0m] Started irqbalance daemon.
[[0;32m  OK  [0m] Started System Logging Service.
[[0;32m  OK  [0m] Started Availability of block devices.
[[0;32m  OK  [0m] Started LXD - container startup/shutdown.
[[0;32m  OK  [0m] Started Permit User Sessions.
[[0;32m  OK  [0m] Started Login Service.
         Starting Authorization Manager...
[[0;32m  OK  [0m] Started Unattended Upgrades Shutdown.
         Starting Hold until boot process finishes up...
         Starting Terminate Plymouth Boot Screen...
[[0;32m  OK  [0m] Started Hold until boot process finishes up.
[[0;32m  OK  [0m] Started Serial Getty on ttyS0.
         Starting Set console scheme...
[[0;32m  OK  [0m] Started Terminate Plymouth Boot Screen.
[[0;32m  OK  [0m] Started LSB: automatic crash report generation.
[[0;32m  OK  [0m] Started Set console scheme.
[[0;32m  OK  [0m] Created slice system-getty.slice.
[[0;32m  OK  [0m] Started Getty on tty1.
[[0;32m  OK  [0m] Reached target Login Prompts.
[[0;32m  OK  [0m] Started LSB: Record successful boot for GRUB.
[[0;32m  OK  [0m] Started Authorization Manager.
[[0;32m  OK  [0m] Started Accounts Service.
[[0;32m  OK  [0m] Started Virtualbox guest utils.
[[0;32m  OK  [0m] Started Dispatcher daemon for systemd-networkd.
[[0;32m  OK  [0m] Started Snap Daemon.
         Starting Wait until snapd is fully seeded...
         Starting Time & Date Service...
[[0;32m  OK  [0m] Started Time & Date Service.
[[0;32m  OK  [0m] Started Pollinate to seed the pseudo random number generator.
         Starting OpenBSD Secure Shell server...
[[0;32m  OK  [0m] Started OpenBSD Secure Shell server.
[[0;32m  OK  [0m] Created slice User Slice of vagrant.
         Starting User Manager for UID 1000...
[[0;32m  OK  [0m] Started Session 1 of user vagrant.
[[0;32m  OK  [0m] Started User Manager for UID 1000.
[   24.848351] cloud-init[1832]: Cloud-init v. 23.1.2-0ubuntu0~18.04.1 running 'modules:config' at Tue, 05 Sep 2023 18:29:53 +0000. Up 24.52 seconds.

Ubuntu 18.04.6 LTS ubuntu-bionic ttyS0

ubuntu-bionic login: ci-info: no authorized SSH keys fingerprints found for user ubuntu.
<14>Sep  5 18:29:54 cloud-init: #############################################################
<14>Sep  5 18:29:54 cloud-init: -----BEGIN SSH HOST KEY FINGERPRINTS-----
<14>Sep  5 18:29:54 cloud-init: 1024 SHA256:7qViAk/AYyxtEoN/fSWqTlo6wwbmdzfMIEecAK8cPhY root@ubuntu-bionic (DSA)
<14>Sep  5 18:29:54 cloud-init: 256 SHA256:3KFhUpK1k9GW5/CmEeLCKiKcDUzBVcSSDklgD/1R8b8 root@ubuntu-bionic (ECDSA)
<14>Sep  5 18:29:54 cloud-init: 256 SHA256:7mbQsP5ITUb1YcODYcjNZ29iwf7PoiEo52F0YZeditY root@ubuntu-bionic (ED25519)
<14>Sep  5 18:29:54 cloud-init: 2048 SHA256:FEbojnM3QH2wb5CJRLshfJ+nfakq7e3ydkAAiHN0Cz8 root@ubuntu-bionic (RSA)
<14>Sep  5 18:29:54 cloud-init: -----END SSH HOST KEY FINGERPRINTS-----
<14>Sep  5 18:29:54 cloud-init: #############################################################
-----BEGIN SSH HOST KEY KEYS-----
ecdsa-sha2-nistp256 AAAAE2VjZHNhLXNoYTItbmlzdHAyNTYAAAAIbmlzdHAyNTYAAABBBMqXjGcGHnzl3o5zUh7urNf5HeyTpRVzw3r01P4IFxShmCRLXWNn2KnPq1FEqzHLJt71YZk+Mz4DNfHpWGwc4QA= root@ubuntu-bionic
ssh-ed25519 AAAAC3NzaC1lZDI1NTE5AAAAICHErxWWp533UUZSHz8Yhah0uyH+4ZKB7MsRrDP8rypg root@ubuntu-bionic
ssh-rsa AAAAB3NzaC1yc2EAAAADAQABAAABAQDFtej2eP7mUtpx9D2S47eiUtkgKXbx4cg0WYgvD7YjiCGbH7lG8YrrfrpulgdKU6VwViIkw+IO9m3Hc2f28dHfddC0bEcSn/YgaRTz3HOiTOqmSPws7LoeK+JNg2fLoseqlpZvvXegAuHjvR129j24WOZnecPoDV5peiTUcwbP1UEPh+0g6THnEixCtDX8AwoiosB5CNTApmYKKOsQvaarTiozfnzQI3P0thvQD6MhauJ+ArLYBzPnvy7ira5sN2gLbtgxIS2ZgYdId4Awf1hKHStOHdWxd/pcU3WeBTR14A/L9tFDhaZzSKSecA2ZqX3ynMPUCgGMFPWqqkCC1K9p root@ubuntu-bionic
-----END SSH HOST KEY KEYS-----
[   25.504321] cloud-init[1908]: Cloud-init v. 23.1.2-0ubuntu0~18.04.1 running 'modules:final' at Tue, 05 Sep 2023 18:29:54 +0000. Up 25.28 seconds.
[   25.504598] cloud-init[1908]: Cloud-init v. 23.1.2-0ubuntu0~18.04.1 finished at Tue, 05 Sep 2023 18:29:54 +0000. Datasource DataSourceNoCloud [seed=/dev/sdb][dsmode=net].  Up 25.49 seconds
